16:59:38 INFO	/data/webapp/php-v2/QA/MOBILE/2017_06_01/app-youyao-mobile/controller/drug/BaseInfo.php	Drug_BaseInfoController	44	9807B77160BF11E7A54A5254009FF7CE
16:59:38 INFO	/data/webapp/php-v2/QA/MOBILE/2017_06_01/app-youyao-mobile/controller/drug/BaseInfo.php	Drug_BaseInfoController	49	array (
  'yyid' => '9807B77160BF11E7A54A5254009FF7CE',
  'u_yyid' => '',
  'name' => '护固莱士',
  'c_name' => '外用冻干人纤维蛋白粘合剂',
  'e_name' => 'Fibrin Sealant（Human）',
  'py_name' => 'Waiyong Donggan Ren Xianwei Danbai Nianheji',
  'type' => '1',
  'approval_id' => '国药准字S20030070',
  'specs' => '2毫升',
  'dosage_form' => '冻干人纤维蛋白原：灰白色或淡黄色疏松体。',
  'indication' => '局部止血药。辅助用于处理烧伤创面、普通外科腹部切口、肝脏手术创面和血管外科手术创面的渗血。',
  'ingredients' => '主要组成成份：本品是一个混合包装的外用冻干人纤维蛋白粘合剂，',
  'shape' => '冻干人纤维蛋白原：灰白色或淡黄色疏松体。',
  'usage' => ' 常规消毒瓶塞以及使用过程中所用',
  'adverse_reaction' => '临床试验未见不良反应。据文献报道，反复多次用药，有可能会发生过敏反应。',
  'taboo' => 'taboo',
  'attentions' => 'attentions',
  'attentions_pw' => 'attentions_pw',
  'attentions_ch' => 'attentions_ch',
  'attentions_oa' => 'attentions_oa',
  'overdose' => 'overdose',
  'chinical_trial' => 'chinical_trial',
  'toxicology' => 'toxicology',
  'pharmacokinetics' => 'pharmacokinetics',
  'storage_conditions' => 'storage_conditions',
  'package' => 'package',
  'period_validity' => 'period_validity',
  'performance_standards' => 'performance_standards',
  'price' => '0',
  'preparation' => 'preparation',
  'adaptation_department' => 'adaptation_department',
  'therapeutic_field' => 'therapeutic_field',
  'product_advantage' => 'product_advantage',
  'channel' => 'channel',
  'business_type' => 'business_type',
  'medical_insurance' => '0',
  'competitive_products' => 'competitive_products',
  'manufacturer' => 'manufacturer',
  'l_info' => '',
  'v_info' => '',
  'imgs_num' => '0',
  'status' => '1',
  'created' => '17-07-04 21:49:26',
  'update_date' => '2017-07-04 21:49:26',
)
16:59:43 INFO	/data/webapp/php-v2/QA/MOBILE/2017_06_01/app-youyao-mobile/controller/drug/BaseInfo.php	Drug_BaseInfoController	44	2716EF976D5C11E7A54A5254009FF7CE
16:59:43 INFO	/data/webapp/php-v2/QA/MOBILE/2017_06_01/app-youyao-mobile/controller/drug/BaseInfo.php	Drug_BaseInfoController	49	array (
  'yyid' => '2716EF976D5C11E7A54A5254009FF7CE',
  'u_yyid' => 'C3B12B535FE211E7A54A5254009FF7CE',
  'name' => '护固莱士 - add',
  'c_name' => '外用冻干人纤维蛋白粘合剂',
  'e_name' => 'Fibrin Sealant（Human）',
  'py_name' => 'Waiyong Donggan Ren Xianwei Danbai Nianheji',
  'type' => '1',
  'approval_id' => '国药准字S20030070',
  'specs' => '2毫升',
  'dosage_form' => '冻干人纤维蛋白原：灰白色或淡黄色疏松体。',
  'indication' => '局部止血药。',
  'ingredients' => '主要组成成份：',
  'shape' => '冻干人纤维蛋白原：灰白色或淡黄色疏松体。',
  'usage' => '常规消毒瓶塞以及使用过程中所用',
  'adverse_reaction' => '临床试验未见不良反应。据文献报道',
  'taboo' => 'taboo',
  'attentions' => 'attentions',
  'attentions_pw' => 'attentions_pw',
  'attentions_ch' => 'attentions_ch',
  'attentions_oa' => 'attentions_oa',
  'overdose' => 'overdose',
  'chinical_trial' => 'chinical_trial',
  'toxicology' => 'toxicology',
  'pharmacokinetics' => 'pharmacokinetics',
  'storage_conditions' => 'storage_conditions',
  'package' => 'package',
  'period_validity' => 'period_validity',
  'performance_standards' => 'performance_standards',
  'price' => '0',
  'preparation' => 'preparation',
  'adaptation_department' => 'adaptation_department',
  'therapeutic_field' => 'therapeutic_field',
  'product_advantage' => 'product_advantage',
  'channel' => 'channel',
  'business_type' => 'business_type',
  'medical_insurance' => '0',
  'competitive_products' => 'competitive_products',
  'manufacturer' => 'manufacturer',
  'l_info' => '[{"title":"\\u65b0\\u836f\\u6269\\u5c55\\u6587\\u7ae0\\u6807\\u9898","link":"http:\\/\\/www.youyao99.com\\/t.html","image":"https:\\/\\/ss0.bdstatic.com\\/5aV1bjqh_Q23odCf\\/static\\/superman\\/img\\/logo\\/bd_logo1_31bdc765.png","desc":"\\u4e00\\u6bb5\\u4ecb\\u7ecd\\u6587\\u5b57\\uff0c200\\u5b57\\u4ee5\\u5185\\u3002","update_time":1500562443},{"title":"\\u65b0\\u836f\\u6269\\u5c55\\u6587\\u7ae0\\u6807\\u9898","link":"http:\\/\\/www.youyao99.com\\/t.html","image":"https:\\/\\/ss0.bdstatic.com\\/5aV1bjqh_Q23odCf\\/static\\/superman\\/img\\/logo\\/bd_logo1_31bdc765.png","desc":"\\u4e00\\u6bb5\\u4ecb\\u7ecd\\u6587\\u5b57\\uff0c200\\u5b57\\u4ee5\\u5185\\u3002","update_time":1500562443},{"title":"\\u65b0\\u836f\\u6269\\u5c55\\u6587\\u7ae0\\u6807\\u9898","link":"http:\\/\\/www.youyao99.com\\/t.html","image":"https:\\/\\/ss0.bdstatic.com\\/5aV1bjqh_Q23odCf\\/static\\/superman\\/img\\/logo\\/bd_logo1_31bdc765.png","desc":"\\u4e00\\u6bb5\\u4ecb\\u7ecd\\u6587\\u5b57\\uff0c200\\u5b57\\u4ee5\\u5185\\u3002","update_time":1500562443}]',
  'v_info' => '[{"title":"\\u65b0\\u836f\\u6269\\u5c55\\u6587\\u7ae0\\u6807\\u9898","link":"http:\\/\\/www.youyao99.com\\/t.html","image":"https:\\/\\/ss0.bdstatic.com\\/5aV1bjqh_Q23odCf\\/static\\/superman\\/img\\/logo\\/bd_logo1_31bdc765.png","desc":"\\u4e00\\u6bb5\\u4ecb\\u7ecd\\u6587\\u5b57\\uff0c200\\u5b57\\u4ee5\\u5185\\u3002","update_time":1500562443},{"title":"\\u65b0\\u836f\\u6269\\u5c55\\u6587\\u7ae0\\u6807\\u9898","link":"http:\\/\\/www.youyao99.com\\/t.html","image":"https:\\/\\/ss0.bdstatic.com\\/5aV1bjqh_Q23odCf\\/static\\/superman\\/img\\/logo\\/bd_logo1_31bdc765.png","desc":"\\u4e00\\u6bb5\\u4ecb\\u7ecd\\u6587\\u5b57\\uff0c200\\u5b57\\u4ee5\\u5185\\u3002","update_time":1500562443},{"title":"\\u65b0\\u836f\\u6269\\u5c55\\u6587\\u7ae0\\u6807\\u9898","link":"http:\\/\\/www.youyao99.com\\/t.html","image":"https:\\/\\/ss0.bdstatic.com\\/5aV1bjqh_Q23odCf\\/static\\/superman\\/img\\/logo\\/bd_logo1_31bdc765.png","desc":"\\u4e00\\u6bb5\\u4ecb\\u7ecd\\u6587\\u5b57\\uff0c200\\u5b57\\u4ee5\\u5185\\u3002","update_time":1500562443}]',
  'imgs_num' => '0',
  'status' => '1',
  'created' => '17-07-20 23:00:21',
  'update_date' => '2017-07-20 23:00:21',
)
17:00:03 INFO	/data/webapp/php-v2/QA/MOBILE/2017_06_01/app-youyao-mobile/controller/user/ServeList.php	User_ServeListController	33	array (
  'action' => 'list',
  'os' => 'wechat',
  'page' => '1',
  'user_token' => 'bAx51kZKkrlRJi9Psfpp42_vEKze2yzUYYqpCWBPO74',
  'v' => '1',
  'yyid' => 'A6863D996AC611E7A54A5254009FF7CE',
)
17:00:03 INFO	/data/webapp/php-v2/QA/app-youyao-core/2017_06_01/classes/bll/user/UserInfo.php	Bll_User_UserInfo	135	A6863D996AC611E7A54A5254009FF7CE , bAx51kZKkrlRJi9Psfpp42_vEKze2yzUYYqpCWBPO74
17:00:06 INFO	/data/webapp/php-v2/QA/MOBILE/2017_06_01/app-youyao-mobile/controller/user/ServeList.php	User_ServeListController	33	array (
  'action' => 'list',
  'os' => 'wechat',
  'page' => '2',
  'user_token' => 'bAx51kZKkrlRJi9Psfpp42_vEKze2yzUYYqpCWBPO74',
  'v' => '1',
  'yyid' => 'A6863D996AC611E7A54A5254009FF7CE',
)
17:00:06 INFO	/data/webapp/php-v2/QA/app-youyao-core/2017_06_01/classes/bll/user/UserInfo.php	Bll_User_UserInfo	135	A6863D996AC611E7A54A5254009FF7CE , bAx51kZKkrlRJi9Psfpp42_vEKze2yzUYYqpCWBPO74
