19:49:43 INFO	/data/webapp/PROD/app-youyao-core/2017_06_01/classes/bll/user/UserInfo.php	Bll_User_UserInfo	135	9151DD465F1E11E7A1C868F728954D54 , N2CntNKtPjTn3ykQV7ErMDewfSwQ4-CHBbA5GD8zbwM
19:49:43 INFO	/data/webapp/PROD/app-youyao-core/2017_06_01/classes/dao/user/UserInfo.php	Dao_User_UserInfo	277	array (
  'uid' => '5',
  'yyid' => '9151DD465F1E11E7A1C868F728954D54',
  'sid' => 'N2CntNKtPjTn3ykQV7ErMDewfSwQ4-CHBbA5GD8zbwM',
  'client_ip' => '127.0.0.1',
  'status' => '1',
  'created' => '1498999325',
  'login_from' => 'wechat',
)
19:50:04 INFO	/data/webapp/PROD/app-youyao-core/2017_06_01/classes/bll/user/UserInfo.php	Bll_User_UserInfo	135	9151DD465F1E11E7A1C868F728954D54 , N2CntNKtPjTn3ykQV7ErMDewfSwQ4-CHBbA5GD8zbwM
20:33:38 INFO	/data/webapp/PROD/app-youyao-core/2017_06_01/classes/bll/user/UserInfo.php	Bll_User_UserInfo	135	9151DD465F1E11E7A1C868F728954D54 , N2CntNKtPjTn3ykQV7ErMDewfSwQ4-CHBbA5GD8zbwM
20:33:52 INFO	/data/webapp/PROD/app-youyao-core/2017_06_01/classes/bll/user/UserInfo.php	Bll_User_UserInfo	135	9151DD465F1E11E7A1C868F728954D54 , N2CntNKtPjTn3ykQV7ErMDewfSwQ4-CHBbA5GD8zbwM
20:34:59 INFO	/data/webapp/PROD/app-youyao-core/2017_06_01/classes/bll/user/UserInfo.php	Bll_User_UserInfo	135	9151DD465F1E11E7A1C868F728954D54 , N2CntNKtPjTn3ykQV7ErMDewfSwQ4-CHBbA5GD8zbwM
20:36:54 INFO	/data/webapp/PROD/app-youyao-core/2017_06_01/classes/bll/user/UserInfo.php	Bll_User_UserInfo	135	9151DD465F1E11E7A1C868F728954D54 , N2CntNKtPjTn3ykQV7ErMDewfSwQ4-CHBbA5GD8zbwM
20:36:54 INFO	/data/webapp/PROD/app-youyao-core/2017_06_01/classes/dao/trend/Info.php	Dao_Trend_Info	32	select name, t_num, trans_date, buyer_hospital from t_transaction where email like '%@leapfrogchina.com' and name!='' and t_num > 0 and status=1  order by trans_date desc LIMIT :limit OFFSET :offset  ;
20:37:19 INFO	/data/webapp/PROD/app-youyao-core/2017_06_01/classes/bll/user/UserInfo.php	Bll_User_UserInfo	135	9151DD465F1E11E7A1C868F728954D54 , N2CntNKtPjTn3ykQV7ErMDewfSwQ4-CHBbA5GD8zbwM
20:37:19 INFO	/data/webapp/PROD/app-youyao-core/2017_06_01/classes/dao/trend/Info.php	Dao_Trend_Info	32	select name, t_num, trans_date, buyer_hospital from t_transaction where email like '%@leapfrogchina.com' and name!='' and t_num > 0 and status=1  order by trans_date desc LIMIT :limit OFFSET :offset  ;
21:37:21 INFO	/data/webapp/PROD/app-youyao-core/2017_06_01/classes/bll/user/UserInfo.php	Bll_User_UserInfo	135	9151DD465F1E11E7A1C868F728954D54 , N2CntNKtPjTn3ykQV7ErMDewfSwQ4-CHBbA5GD8zbwM
21:37:21 INFO	/data/webapp/PROD/app-youyao-core/2017_06_01/classes/dao/trend/Info.php	Dao_Trend_Info	32	select name, t_num, trans_date, buyer_hospital from t_transaction where email like '%@leapfrogchina.com' and name!='' and t_num > 0 and status=1  order by trans_date desc LIMIT :limit OFFSET :offset  ;
21:41:30 INFO	/data/webapp/PROD/app-youyao-core/2017_06_01/classes/bll/user/UserInfo.php	Bll_User_UserInfo	135	9151DD465F1E11E7A1C868F728954D54 , N2CntNKtPjTn3ykQV7ErMDewfSwQ4-CHBbA5GD8zbwM
21:41:30 INFO	/data/webapp/PROD/app-youyao-core/2017_06_01/classes/dao/trend/Info.php	Dao_Trend_Info	32	select name, t_num, trans_date, buyer_hospital from t_transaction where email like '%@leapfrogchina.com' and name!='' and t_num > 0 and status=1  order by trans_date desc LIMIT :limit OFFSET :offset  ;
21:43:40 INFO	/data/webapp/PROD/app-youyao-core/2017_06_01/classes/bll/user/UserInfo.php	Bll_User_UserInfo	135	9151DD465F1E11E7A1C868F728954D54 , N2CntNKtPjTn3ykQV7ErMDewfSwQ4-CHBbA5GD8zbwM
21:43:40 INFO	/data/webapp/PROD/app-youyao-core/2017_06_01/classes/dao/trend/Info.php	Dao_Trend_Info	32	select name, t_num, trans_date, buyer_hospital from t_transaction where email like '%@leapfrogchina.com' and name!='' and t_num > 0 and status=1  order by trans_date desc LIMIT :limit OFFSET :offset  ;
21:56:18 INFO	/data/webapp/PROD/app-youyao-core/2017_06_01/classes/bll/user/UserInfo.php	Bll_User_UserInfo	135	9151DD465F1E11E7A1C868F728954D54 , N2CntNKtPjTn3ykQV7ErMDewfSwQ4-CHBbA5GD8zbwM
21:56:18 INFO	/data/webapp/PROD/app-youyao-core/2017_06_01/classes/dao/trend/Info.php	Dao_Trend_Info	32	select name, t_num, trans_date, buyer_hospital from t_transaction where email like '%@leapfrogchina.com' and name!='' and t_num > 0 and status=1  order by trans_date desc LIMIT :limit OFFSET :offset  ;
21:59:17 INFO	/data/webapp/PROD/app-youyao-core/2017_06_01/classes/bll/user/UserInfo.php	Bll_User_UserInfo	135	9151DD465F1E11E7A1C868F728954D54 , N2CntNKtPjTn3ykQV7ErMDewfSwQ4-CHBbA5GD8zbwM
21:59:17 INFO	/data/webapp/PROD/app-youyao-core/2017_06_01/classes/dao/trend/Info.php	Dao_Trend_Info	32	select name, t_num, trans_date, buyer_hospital from t_transaction where email like '%@leapfrogchina.com' and name!='' and t_num > 0 and status=1  order by trans_date desc LIMIT :limit OFFSET :offset  ;
21:59:22 INFO	/data/webapp/PROD/app-youyao-core/2017_06_01/classes/bll/user/UserInfo.php	Bll_User_UserInfo	135	9151DD465F1E11E7A1C868F728954D54 , N2CntNKtPjTn3ykQV7ErMDewfSwQ4-CHBbA5GD8zbwM
21:59:22 INFO	/data/webapp/PROD/app-youyao-core/2017_06_01/classes/dao/trend/Info.php	Dao_Trend_Info	32	select name, t_num, trans_date, buyer_hospital from t_transaction where email like '%@leapfrogchina.com' and name!='' and t_num > 0 and status=1  order by trans_date desc LIMIT :limit OFFSET :offset  ;
21:59:58 INFO	/data/webapp/PROD/app-youyao-core/2017_06_01/classes/bll/user/UserInfo.php	Bll_User_UserInfo	135	9151DD465F1E11E7A1C868F728954D54 , N2CntNKtPjTn3ykQV7ErMDewfSwQ4-CHBbA5GD8zbwM
21:59:58 INFO	/data/webapp/PROD/app-youyao-core/2017_06_01/classes/dao/trend/Info.php	Dao_Trend_Info	32	select name, t_num, trans_date, buyer_hospital from t_transaction where email like '%@leapfrogchina.com' and name!='' and t_num > 0 and status=1  order by trans_date desc LIMIT :limit OFFSET :offset  ;
22:00:02 INFO	/data/webapp/PROD/app-youyao-core/2017_06_01/classes/bll/user/UserInfo.php	Bll_User_UserInfo	135	9151DD465F1E11E7A1C868F728954D54 , N2CntNKtPjTn3ykQV7ErMDewfSwQ4-CHBbA5GD8zbwM
22:00:02 INFO	/data/webapp/PROD/app-youyao-core/2017_06_01/classes/dao/trend/Info.php	Dao_Trend_Info	32	select name, t_num, trans_date, buyer_hospital from t_transaction where email like '%@leapfrogchina.com' and name!='' and t_num > 0 and status=1  order by trans_date desc LIMIT :limit OFFSET :offset  ;
22:00:18 INFO	/data/webapp/PROD/app-youyao-core/2017_06_01/classes/bll/user/UserInfo.php	Bll_User_UserInfo	135	9151DD465F1E11E7A1C868F728954D54 , N2CntNKtPjTn3ykQV7ErMDewfSwQ4-CHBbA5GD8zbwM
22:00:18 INFO	/data/webapp/PROD/app-youyao-core/2017_06_01/classes/dao/trend/Info.php	Dao_Trend_Info	32	select name, t_num, trans_date, buyer_hospital from t_transaction where email like '%@leapfrogchina.com' and name!='' and t_num > 0 and status=1  order by trans_date desc LIMIT :limit OFFSET :offset  ;
22:00:55 INFO	/data/webapp/PROD/app-youyao-core/2017_06_01/classes/bll/user/UserInfo.php	Bll_User_UserInfo	135	9151DD465F1E11E7A1C868F728954D54 , N2CntNKtPjTn3ykQV7ErMDewfSwQ4-CHBbA5GD8zbwM
22:00:55 INFO	/data/webapp/PROD/app-youyao-core/2017_06_01/classes/dao/trend/Info.php	Dao_Trend_Info	32	select name, t_num, trans_date, buyer_hospital from t_transaction where email like '%@leapfrogchina.com' and name!='' and t_num > 0 and status=1  order by trans_date desc LIMIT :limit OFFSET :offset  ;
22:01:15 INFO	/data/webapp/PROD/app-youyao-core/2017_06_01/classes/bll/user/UserInfo.php	Bll_User_UserInfo	135	9151DD465F1E11E7A1C868F728954D54 , N2CntNKtPjTn3ykQV7ErMDewfSwQ4-CHBbA5GD8zbwM
22:01:15 INFO	/data/webapp/PROD/app-youyao-core/2017_06_01/classes/dao/trend/Info.php	Dao_Trend_Info	32	select name, t_num, trans_date, buyer_hospital from t_transaction where email like '%@leapfrogchina.com' and name!='' and t_num > 0 and status=1  order by trans_date desc LIMIT :limit OFFSET :offset  ;
22:03:19 INFO	/data/webapp/PROD/app-youyao-core/2017_06_01/classes/bll/user/UserInfo.php	Bll_User_UserInfo	135	9151DD465F1E11E7A1C868F728954D54 , N2CntNKtPjTn3ykQV7ErMDewfSwQ4-CHBbA5GD8zbwM
22:03:19 INFO	/data/webapp/PROD/app-youyao-core/2017_06_01/classes/dao/trend/Info.php	Dao_Trend_Info	32	select name, t_num, trans_date, buyer_hospital from t_transaction where email like '%@leapfrogchina.com' and name!='' and t_num > 0 and status=1  order by trans_date desc LIMIT :limit OFFSET :offset  ;
22:04:34 INFO	/data/webapp/PROD/app-youyao-core/2017_06_01/classes/bll/user/UserInfo.php	Bll_User_UserInfo	135	9151DD465F1E11E7A1C868F728954D54 , N2CntNKtPjTn3ykQV7ErMDewfSwQ4-CHBbA5GD8zbwM
22:04:34 INFO	/data/webapp/PROD/app-youyao-core/2017_06_01/classes/dao/trend/Info.php	Dao_Trend_Info	32	select name, t_num, trans_date, buyer_hospital from t_transaction where email like '%@leapfrogchina.com' and name!='' and t_num > 0 and status=1  order by trans_date desc LIMIT :limit OFFSET :offset  ;
22:20:40 INFO	/data/webapp/PROD/app-youyao-core/2017_06_01/classes/bll/user/UserInfo.php	Bll_User_UserInfo	135	9151DD465F1E11E7A1C868F728954D54 , N2CntNKtPjTn3ykQV7ErMDewfSwQ4-CHBbA5GD8zbwM
22:20:40 INFO	/data/webapp/PROD/app-youyao-core/2017_06_01/classes/dao/trend/Info.php	Dao_Trend_Info	32	select name, t_num, trans_date, buyer_hospital from t_transaction where email like '%@leapfrogchina.com' and name!='' and t_num > 0 and status=1  order by trans_date desc LIMIT :limit OFFSET :offset  ;
22:21:49 INFO	/data/webapp/PROD/app-youyao-core/2017_06_01/classes/bll/user/UserInfo.php	Bll_User_UserInfo	135	9151DD465F1E11E7A1C868F728954D54 , N2CntNKtPjTn3ykQV7ErMDewfSwQ4-CHBbA5GD8zbwM
22:21:49 INFO	/data/webapp/PROD/app-youyao-core/2017_06_01/classes/dao/trend/Info.php	Dao_Trend_Info	32	select name, t_num, trans_date, buyer_hospital from t_transaction where email like '%@leapfrogchina.com' and name!='' and t_num > 0 and status=1  order by trans_date desc LIMIT :limit OFFSET :offset  ;
22:36:09 INFO	/data/webapp/PROD/app-youyao-core/2017_06_01/classes/bll/user/UserInfo.php	Bll_User_UserInfo	135	9151DD465F1E11E7A1C868F728954D54 , N2CntNKtPjTn3ykQV7ErMDewfSwQ4-CHBbA5GD8zbwM
22:36:09 INFO	/data/webapp/PROD/app-youyao-core/2017_06_01/classes/dao/trend/Info.php	Dao_Trend_Info	41	select name, t_num, trans_date, buyer_hospital from t_transaction where email like '%@leapfrogchina.com' and name!='' and t_num > 0 and status=1 and name like '%护固莱士 - edit%' and buyer_hospital like '%上海曙光医院东院%'  order by trans_date desc LIMIT :limit OFFSET :offset  ;
22:36:17 INFO	/data/webapp/PROD/app-youyao-core/2017_06_01/classes/bll/user/UserInfo.php	Bll_User_UserInfo	135	9151DD465F1E11E7A1C868F728954D54 , N2CntNKtPjTn3ykQV7ErMDewfSwQ4-CHBbA5GD8zbwM
22:36:17 INFO	/data/webapp/PROD/app-youyao-core/2017_06_01/classes/dao/trend/Info.php	Dao_Trend_Info	41	select name, t_num, trans_date, buyer_hospital from t_transaction where email like '%@leapfrogchina.com' and name!='' and t_num > 0 and status=1 and name like '%护固莱士 - edit%' and buyer_hospital like '%上海曙光医院东院%'  order by trans_date desc LIMIT :limit OFFSET :offset  ;
22:36:26 INFO	/data/webapp/PROD/app-youyao-core/2017_06_01/classes/bll/user/UserInfo.php	Bll_User_UserInfo	135	9151DD465F1E11E7A1C868F728954D54 , N2CntNKtPjTn3ykQV7ErMDewfSwQ4-CHBbA5GD8zbwM
22:36:26 INFO	/data/webapp/PROD/app-youyao-core/2017_06_01/classes/dao/trend/Info.php	Dao_Trend_Info	41	select name, t_num, trans_date, buyer_hospital from t_transaction where email like '%@leapfrogchina.com' and name!='' and t_num > 0 and status=1 and name like '%护固莱士 - edit%' and buyer_hospital like '%上海曙光医院东院%'  order by trans_date desc LIMIT :limit OFFSET :offset  ;
22:36:48 INFO	/data/webapp/PROD/app-youyao-core/2017_06_01/classes/bll/user/UserInfo.php	Bll_User_UserInfo	135	9151DD465F1E11E7A1C868F728954D54 , N2CntNKtPjTn3ykQV7ErMDewfSwQ4-CHBbA5GD8zbwM
22:36:48 INFO	/data/webapp/PROD/app-youyao-core/2017_06_01/classes/dao/trend/Info.php	Dao_Trend_Info	41	select name, t_num, trans_date, buyer_hospital from t_transaction where email like '%@leapfrogchina.com' and name!='' and t_num > 0 and status=1    order by trans_date desc LIMIT :limit OFFSET :offset  ;
22:38:45 INFO	/data/webapp/PROD/app-youyao-core/2017_06_01/classes/bll/user/UserInfo.php	Bll_User_UserInfo	135	9151DD465F1E11E7A1C868F728954D54 , N2CntNKtPjTn3ykQV7ErMDewfSwQ4-CHBbA5GD8zbwM
22:38:45 INFO	/data/webapp/PROD/app-youyao-core/2017_06_01/classes/dao/trend/Info.php	Dao_Trend_Info	41	select name, t_num, trans_date, buyer_hospital from t_transaction where email like '%@leapfrogchina.com' and name!='' and t_num > 0 and status=1    order by trans_date desc LIMIT :limit OFFSET :offset  ;
22:39:50 INFO	/data/webapp/PROD/app-youyao-core/2017_06_01/classes/bll/user/UserInfo.php	Bll_User_UserInfo	135	9151DD465F1E11E7A1C868F728954D54 , N2CntNKtPjTn3ykQV7ErMDewfSwQ4-CHBbA5GD8zbwM
22:39:50 INFO	/data/webapp/PROD/app-youyao-core/2017_06_01/classes/dao/trend/Info.php	Dao_Trend_Info	41	select name, t_num, trans_date, buyer_hospital from t_transaction where email like '%@leapfrogchina.com' and name!='' and t_num > 0 and status=1 and name like '%护固莱士 - add%' and buyer_hospital like '%汕头市中心医院%'  order by trans_date desc LIMIT :limit OFFSET :offset  ;
22:40:50 INFO	/data/webapp/PROD/app-youyao-core/2017_06_01/classes/bll/user/UserInfo.php	Bll_User_UserInfo	135	9151DD465F1E11E7A1C868F728954D54 , N2CntNKtPjTn3ykQV7ErMDewfSwQ4-CHBbA5GD8zbwM
22:40:50 INFO	/data/webapp/PROD/app-youyao-core/2017_06_01/classes/dao/trend/Info.php	Dao_Trend_Info	41	select name, t_num, trans_date, buyer_hospital from t_transaction where email like '%@leapfrogchina.com' and name!='' and t_num > 0 and status=1 and name like '%护固莱士 - add%' and buyer_hospital like '%汕头市中心医院%'  order by trans_date desc LIMIT :limit OFFSET :offset  ;
22:40:50 INFO	/data/webapp/PROD/app-youyao-core/2017_06_01/classes/dao/trend/Info.php	Dao_Trend_Info	87	select count(*) c from t_transaction where email like '%@leapfrogchina.com' and name!='' and t_num > 0 and status=1 and name like '%护固莱士 - add%' and buyer_hospital like '%汕头市中心医院%'  ;
22:40:50 INFO	/data/webapp/PROD/app-youyao-core/2017_06_01/classes/dao/trend/Info.php	Dao_Trend_Info	87	select count(*) c from t_transaction where email like '%@leapfrogchina.com' and name!='' and t_num > 0 and status=1 and name like '%护固莱士 - add%' and buyer_hospital like '%汕头市中心医院%'  ;
22:44:00 INFO	/data/webapp/PROD/app-youyao-core/2017_06_01/classes/bll/user/UserInfo.php	Bll_User_UserInfo	135	9151DD465F1E11E7A1C868F728954D54 , N2CntNKtPjTn3ykQV7ErMDewfSwQ4-CHBbA5GD8zbwM
22:44:00 INFO	/data/webapp/PROD/app-youyao-core/2017_06_01/classes/dao/trend/Info.php	Dao_Trend_Info	45	select name, t_num, trans_date, buyer_hospital from t_transaction where email like '%@leapfrogchina.com' and name!='' and t_num > 0 and status=1 and name like '%护固莱士%' and buyer_hospital like '%汕头市中心医院%'  order by trans_date desc LIMIT :limit OFFSET :offset  ;
22:44:00 INFO	/data/webapp/PROD/app-youyao-core/2017_06_01/classes/dao/trend/Info.php	Dao_Trend_Info	95	select count(*) c from t_transaction where email like '%@leapfrogchina.com' and name!='' and t_num > 0 and status=1 and name like '%护固莱士%' and buyer_hospital like '%汕头市中心医院%'  ;
22:44:00 INFO	/data/webapp/PROD/app-youyao-core/2017_06_01/classes/dao/trend/Info.php	Dao_Trend_Info	95	select count(*) c from t_transaction where email like '%@leapfrogchina.com' and name!='' and t_num > 0 and status=1 and name like '%护固莱士%' and buyer_hospital like '%汕头市中心医院%'  ;
23:01:19 INFO	/data/webapp/PROD/app-youyao-core/2017_06_01/classes/bll/user/UserInfo.php	Bll_User_UserInfo	135	9151DD465F1E11E7A1C868F728954D54 , N2CntNKtPjTn3ykQV7ErMDewfSwQ4-CHBbA5GD8zbwM
23:01:19 INFO	/data/webapp/PROD/app-youyao-core/2017_06_01/classes/dao/trend/Info.php	Dao_Trend_Info	45	select name, t_num, trans_date, buyer_hospital from t_transaction where email like '%@leapfrogchina.com' and name!='' and t_num > 0 and status=1 and name like '%护固莱士%' and buyer_hospital like '%汕头市中心医院%'  order by trans_date desc LIMIT :limit OFFSET :offset  ;
23:01:19 INFO	/data/webapp/PROD/app-youyao-core/2017_06_01/classes/dao/trend/Info.php	Dao_Trend_Info	95	select count(*) c from t_transaction where email like '%@leapfrogchina.com' and name!='' and t_num > 0 and status=1 and name like '%护固莱士%' and buyer_hospital like '%汕头市中心医院%'  ;
23:01:19 INFO	/data/webapp/PROD/app-youyao-core/2017_06_01/classes/dao/trend/Info.php	Dao_Trend_Info	95	select count(*) c from t_transaction where email like '%@leapfrogchina.com' and name!='' and t_num > 0 and status=1 and name like '%护固莱士%' and buyer_hospital like '%汕头市中心医院%'  ;
