23:51:59 INFO	/data/webapp/PROD/MOBILE/2017_06_01/app-youyao-mobile/controller/user/ProfileVerify.php	User_ProfileVerifyController	17	array (
  'action' => 'send_smscode',
  'captcha' => 'jhvsq',
  'os' => 'wechat',
  'phonenum' => '18616851610',
  'v' => '1',
)
23:51:59 INFO	/data/webapp/PROD/MOBILE/2017_06_01/app-youyao-mobile/controller/user/Register.php	User_RegisterController	127	array (
  'action' => 'send_smscode',
  'captcha' => 'jhvsq',
  'os' => 'wechat',
  'phonenum' => '18616851610',
  'v' => '1',
)
23:51:59 INFO	/data/webapp/PROD/MOBILE/2017_06_01/app-youyao-mobile/controller/user/Register.php	User_RegisterController	212	array (
  'id' => 0,
  'mobile' => '18616851610',
  'v_code' => '508857',
  'datei' => '2017-07-12',
  'u_yyid' => '',
  'status' => 1,
  'created' => 1499874719,
)
23:51:59 INFO	/data/webapp/PROD/app-youyao-core/2017_06_01/classes/dao/sms/SMSInfo.php	Dao_Sms_SMSInfo	13	array (
  'id' => 0,
  'mobile' => '18616851610',
  'v_code' => '508857',
  'datei' => '2017-07-12',
  'u_yyid' => '',
  'status' => 1,
  'created' => 1499874719,
)
23:51:59 INFO	/data/webapp/PROD/app-youyao-core/2017_06_01/classes/dao/sms/SMSInfo.php	Dao_Sms_SMSInfo	66	array (
  'tpl_id' => '1847902',
  'tpl_value' => '#code#=508857',
  'apikey' => '1dcdacbca3e107b28bf5244e6bb288dc',
  'mobile' => '18616851610',
)
23:51:59 INFO	/data/webapp/PROD/app-youyao-core/2017_06_01/classes/dao/sms/SMSInfo.php	Dao_Sms_SMSInfo	82	https://sms.yunpian.com/v2/sms/tpl_single_send.json
23:51:59 INFO	/data/webapp/PROD/app-youyao-core/2017_06_01/classes/dao/sms/SMSInfo.php	Dao_Sms_SMSInfo	83	array (
  'tpl_id' => '1847902',
  'tpl_value' => '#code#=508857',
  'apikey' => '1dcdacbca3e107b28bf5244e6bb288dc',
  'mobile' => '18616851610',
)
23:52:00 INFO	/data/webapp/PROD/app-youyao-core/2017_06_01/classes/dao/sms/SMSInfo.php	Dao_Sms_SMSInfo	15	{"code":0,"msg":"发送成功","count":1,"fee":0.05,"unit":"RMB","mobile":"18616851610","sid":16305746516}
23:53:58 INFO	/data/webapp/PROD/MOBILE/2017_06_01/app-youyao-mobile/controller/user/ProfileVerify.php	User_ProfileVerifyController	17	array (
  'action' => 'register',
  'code' => '508857',
  'os' => 'wechat',
  'phonenum' => '18616851610',
  'v' => '1',
)
23:53:58 INFO	/data/webapp/PROD/MOBILE/2017_06_01/app-youyao-mobile/controller/user/Register.php	User_RegisterController	244	array (
  'action' => 'register',
  'code' => '508857',
  'os' => 'wechat',
  'phonenum' => '18616851610',
  'v' => '1',
)
23:53:58 INFO	/data/webapp/PROD/MOBILE/2017_06_01/app-youyao-mobile/controller/user/Register.php	User_RegisterController	333	array (
  'action' => 'register',
  'code' => '508857',
  'os' => 'wechat',
  'phonenum' => '18616851610',
  'v' => '1',
)
23:53:58 INFO	/data/webapp/PROD/app-youyao-core/2017_06_01/classes/bll/user/UserInfo.php	Bll_User_UserInfo	192	array (
  0 => 
  array (
    'id' => '14',
    'phone_num' => '18616851610',
    'code' => '508857',
    'expired' => '1499875919',
    'create_time' => '1499874719',
    'status' => '1',
  ),
)
23:53:58 INFO	/data/webapp/PROD/app-youyao-core/2017_06_01/classes/bll/user/UserInfo.php	Bll_User_UserInfo	201	array (
  'uid' => '5',
  'yyid' => '9151DD465F1E11E7A1C868F728954D54',
  'name' => '蔡晓华a',
  'pass' => '',
  'mail' => '',
  'mail_verified' => '0',
  'mobile_num' => '18616851610',
  'mobile_verified' => '1',
  'wechat' => '',
  'weibo' => '',
  'tengqq' => '',
  'tel_num' => '',
  'access' => '1498997054',
  'login' => '1498997054',
  'picture' => '0',
  'v_status' => '1',
  'v_date' => '2017',
  'client_ip' => '127.0.0.1',
  'last_client_ip' => '127.0.0.1',
  'created' => '1498997054',
  'update_date' => '2017-07-02 23:17:49',
)
23:53:58 INFO	/data/webapp/PROD/app-youyao-core/2017_06_01/classes/bll/user/UserInfo.php	Bll_User_UserInfo	223	array (
  'uid' => '5',
  'yyid' => '9151DD465F1E11E7A1C868F728954D54',
  'name' => '蔡晓华a',
  'pass' => '',
  'mail' => '',
  'mail_verified' => '0',
  'mobile_num' => '18616851610',
  'mobile_verified' => '1',
  'wechat' => '',
  'weibo' => '',
  'tengqq' => '',
  'tel_num' => '',
  'access' => '1498997054',
  'login' => '1498997054',
  'picture' => '0',
  'v_status' => '1',
  'v_date' => '2017',
  'client_ip' => '127.0.0.1',
  'last_client_ip' => '127.0.0.1',
  'created' => '1498997054',
  'update_date' => '2017-07-02 23:17:49',
  'user_token' => 'JrSVOrxn536wvobOiHlEQNOYWyp0dWaQ3Fv2OejtRu0',
)
23:53:58 INFO	/data/webapp/PROD/MOBILE/2017_06_01/app-youyao-mobile/controller/user/Register.php	User_RegisterController	421	array (
  'status' => 200,
  'data' => 
  array (
    'uid' => '5',
    'yyid' => '9151DD465F1E11E7A1C868F728954D54',
    'name' => '蔡晓华a',
    'pass' => '',
    'mail' => '',
    'mail_verified' => '0',
    'mobile_num' => '18616851610',
    'mobile_verified' => '1',
    'wechat' => '',
    'weibo' => '',
    'tengqq' => '',
    'tel_num' => '',
    'access' => '1498997054',
    'login' => '1498997054',
    'picture' => '0',
    'v_status' => '1',
    'v_date' => '2017',
    'client_ip' => '127.0.0.1',
    'last_client_ip' => '127.0.0.1',
    'created' => '1498997054',
    'update_date' => '2017-07-02 23:17:49',
    'user_token' => 'JrSVOrxn536wvobOiHlEQNOYWyp0dWaQ3Fv2OejtRu0',
  ),
  'userMsg' => 'signin_success',
  'msg' => 'signin_success',
)
23:54:42 INFO	/data/webapp/PROD/MOBILE/2017_06_01/app-youyao-mobile/controller/user/ProfileVerify.php	User_ProfileVerifyController	17	array (
  'action' => 'register',
  'code' => '508857',
  'os' => 'wechat',
  'phonenum' => '18616851610',
  'v' => '1',
)
23:54:42 INFO	/data/webapp/PROD/MOBILE/2017_06_01/app-youyao-mobile/controller/user/Register.php	User_RegisterController	244	array (
  'action' => 'register',
  'code' => '508857',
  'os' => 'wechat',
  'phonenum' => '18616851610',
  'v' => '1',
)
23:54:42 INFO	/data/webapp/PROD/MOBILE/2017_06_01/app-youyao-mobile/controller/user/Register.php	User_RegisterController	333	array (
  'action' => 'register',
  'code' => '508857',
  'os' => 'wechat',
  'phonenum' => '18616851610',
  'v' => '1',
)
23:54:42 INFO	/data/webapp/PROD/app-youyao-core/2017_06_01/classes/bll/user/UserInfo.php	Bll_User_UserInfo	192	array (
  0 => 
  array (
    'id' => '14',
    'phone_num' => '18616851610',
    'code' => '508857',
    'expired' => '1499875919',
    'create_time' => '1499874719',
    'status' => '1',
  ),
)
23:54:42 INFO	/data/webapp/PROD/app-youyao-core/2017_06_01/classes/bll/user/UserInfo.php	Bll_User_UserInfo	201	array (
  'uid' => '5',
  'yyid' => '9151DD465F1E11E7A1C868F728954D54',
  'name' => '蔡晓华a',
  'pass' => '',
  'mail' => '',
  'mail_verified' => '0',
  'mobile_num' => '18616851610',
  'mobile_verified' => '1',
  'wechat' => '',
  'weibo' => '',
  'tengqq' => '',
  'tel_num' => '',
  'access' => '1498997054',
  'login' => '1498997054',
  'picture' => '0',
  'v_status' => '1',
  'v_date' => '2017',
  'client_ip' => '127.0.0.1',
  'last_client_ip' => '127.0.0.1',
  'created' => '1498997054',
  'update_date' => '2017-07-02 23:17:49',
)
23:54:42 INFO	/data/webapp/PROD/app-youyao-core/2017_06_01/classes/bll/user/UserInfo.php	Bll_User_UserInfo	223	array (
  'uid' => '5',
  'yyid' => '9151DD465F1E11E7A1C868F728954D54',
  'name' => '蔡晓华a',
  'pass' => '',
  'mail' => '',
  'mail_verified' => '0',
  'mobile_num' => '18616851610',
  'mobile_verified' => '1',
  'wechat' => '',
  'weibo' => '',
  'tengqq' => '',
  'tel_num' => '',
  'access' => '1498997054',
  'login' => '1498997054',
  'picture' => '0',
  'v_status' => '1',
  'v_date' => '2017',
  'client_ip' => '127.0.0.1',
  'last_client_ip' => '127.0.0.1',
  'created' => '1498997054',
  'update_date' => '2017-07-02 23:17:49',
  'user_token' => '5EaKweK31tquPCVTcgkTre1N-ElxERreV2vbTD-u8l8',
)
23:54:42 INFO	/data/webapp/PROD/MOBILE/2017_06_01/app-youyao-mobile/controller/user/Register.php	User_RegisterController	421	array (
  'status' => 200,
  'data' => 
  array (
    'uid' => '5',
    'yyid' => '9151DD465F1E11E7A1C868F728954D54',
    'name' => '蔡晓华a',
    'pass' => '',
    'mail' => '',
    'mail_verified' => '0',
    'mobile_num' => '18616851610',
    'mobile_verified' => '1',
    'wechat' => '',
    'weibo' => '',
    'tengqq' => '',
    'tel_num' => '',
    'access' => '1498997054',
    'login' => '1498997054',
    'picture' => '0',
    'v_status' => '1',
    'v_date' => '2017',
    'client_ip' => '127.0.0.1',
    'last_client_ip' => '127.0.0.1',
    'created' => '1498997054',
    'update_date' => '2017-07-02 23:17:49',
    'user_token' => '5EaKweK31tquPCVTcgkTre1N-ElxERreV2vbTD-u8l8',
  ),
  'userMsg' => 'signin_success',
  'msg' => 'signin_success',
)
23:56:20 INFO	/data/webapp/PROD/app-youyao-core/2017_06_01/classes/bll/user/UserInfo.php	Bll_User_UserInfo	135	9151DD465F1E11E7A1C868F728954D54 , 5EaKweK31tquPCVTcgkTre1N-ElxERreV2vbTD-u8l8
23:56:20 INFO	/data/webapp/PROD/app-youyao-core/2017_06_01/classes/dao/user/UserInfo.php	Dao_User_UserInfo	277	array (
  'uid' => '5',
  'yyid' => '9151DD465F1E11E7A1C868F728954D54',
  'sid' => '5EaKweK31tquPCVTcgkTre1N-ElxERreV2vbTD-u8l8',
  'client_ip' => '127.0.0.1',
  'status' => '1',
  'created' => '1499874882',
  'login_from' => 'wechat',
)
23:56:20 INFO	/data/webapp/PROD/MOBILE/2017_06_01/app-youyao-mobile/controller/user/Profile.php	User_ProfileController	51	array (
  'status' => 200,
  'data' => 
  array (
    'base_info' => 
    array (
      'uid' => '5',
      'yyid' => '9151DD465F1E11E7A1C868F728954D54',
      'name' => '蔡晓华a',
      'pass' => '',
      'mail' => '',
      'mail_verified' => '0',
      'mobile_num' => '18616851610',
      'mobile_verified' => '1',
      'wechat' => '',
      'weibo' => '',
      'tengqq' => '',
      'tel_num' => '',
      'access' => '1498997054',
      'login' => '1498997054',
      'picture' => '0',
      'v_status' => '1',
      'v_date' => '2017',
      'client_ip' => '127.0.0.1',
      'last_client_ip' => '127.0.0.1',
      'created' => '1498997054',
      'update_date' => '2017-07-02 23:17:49',
    ),
    'agent_info' => 
    array (
      'aid' => '1',
      'yyid' => '7B8EBBC45F3911E7A1C868F728954D54',
      'u_yyid' => '9151DD465F1E11E7A1C868F728954D54',
      'truename' => 'tony蔡b',
      'address' => '',
      'employer_company' => '',
      'expertise' => '',
      'identitycard' => '',
      'points' => '0',
      'birthday' => '',
      'city' => '0',
      'work' => '123',
      'education' => '0',
      'status' => '1',
      'created' => '1499008614',
      'update_date' => '2017-07-02 23:17:49',
    ),
  ),
  'userMsg' => 'normal request',
  'msg' => 'normal request',
)
