14:24:04 INFO	/data/webapp/PROD/MOBILE/2017_06_01/app-youyao-mobile/controller/hospital/Edit.php	Hospital_EditController	22	array (
  'action' => 'replace',
  'address' => '上海市浦东张江高科技园区张衡路528号',
  'bed_num' => '1000',
  'grade' => '三级甲等',
  'h_yyid' => '1D7CDC3C534411E79E6C68F728954D54',
  'introduction' => '上海曙光医院(东院)(上海市张衡路528号)',
  'loc_code' => '424,17,18',
  'medical_guide' => '上海曙光医院是上海中医药大学附属医院之一。医院布局',
  'name' => '上海曙光医院东院',
  'operation_num' => '2000',
  'os' => 'wechat',
  'outpatient_num' => '3000',
  'tel_num' => '021-20256666(总机),021-20256117(东院专家门诊咨询),021-20256600/20256606(东院特需、名老专家咨询预约)',
  'traffic_guide' => '公交线路:地铁二号线张江高科站下',
  'u_yyid' => '9151DD465F1E11E7A1C868F728954D54',
  'user_token' => 'N2CntNKtPjTn3ykQV7ErMDewfSwQ4-CHBbA5GD8zbwM',
  'v' => '1',
  'yyid' => '9151DD465F1E11E7A1C868F728954D54',
)
14:24:04 INFO	/data/webapp/PROD/MOBILE/2017_06_01/app-youyao-mobile/controller/hospital/Edit.php	Hospital_EditController	65	array (
  'h_yyid' => '1D7CDC3C534411E79E6C68F728954D54',
  'u_yyid' => '9151DD465F1E11E7A1C868F728954D54',
  'name' => '上海曙光医院东院',
  'grade' => '三级甲等',
  'tel_num' => '021-20256666(总机),021-20256117(东院专家门诊咨询),021-20256600/20256606(东院特需、名老专家咨询预约)',
  'address' => '上海市浦东张江高科技园区张衡路528号',
  'traffic_guide' => '公交线路:地铁二号线张江高科站下',
  'medical_guide' => '上海曙光医院是上海中医药大学附属医院之一。医院布局',
  'introduction' => '上海曙光医院(东院)(上海市张衡路528号)',
  'bed_num' => '1000',
  'operation_num' => '2000',
  'outpatient_num' => '3000',
  'loc_code' => '424,17,18',
  'status' => 1,
  'views' => 0,
  'ver' => '1707081424',
  'created' => 1499495044,
)
14:24:04 INFO	/data/webapp/PROD/app-youyao-core/2017_06_01/classes/bll/user/UserInfo.php	Bll_User_UserInfo	84	9151DD465F1E11E7A1C868F728954D54 , N2CntNKtPjTn3ykQV7ErMDewfSwQ4-CHBbA5GD8zbwM
14:24:04 INFO	/data/webapp/PROD/app-youyao-core/2017_06_01/classes/dao/user/UserInfo.php	Dao_User_UserInfo	197	array (
  'uid' => '5',
  'yyid' => '9151DD465F1E11E7A1C868F728954D54',
  'sid' => 'N2CntNKtPjTn3ykQV7ErMDewfSwQ4-CHBbA5GD8zbwM',
  'client_ip' => '127.0.0.1',
  'status' => '1',
  'created' => '1498999325',
  'login_from' => 'wechat',
)
14:24:04 INFO	/data/webapp/PROD/app-youyao-core/2017_06_01/classes/bll/hospital/Info.php	Bll_Hospital_Info	13	sk_yyid: 561B650A631F11E792CE68F728954D54
14:24:04 INFO	/data/webapp/PROD/app-youyao-core/2017_06_01/classes/bll/hospital/Info.php	Bll_Hospital_Info	14	yyid: 1D7CDC3C534411E79E6C68F728954D54
14:31:24 INFO	/data/webapp/PROD/MOBILE/2017_06_01/app-youyao-mobile/controller/hospital/Edit.php	Hospital_EditController	22	array (
  'action' => 'replace',
  'address' => '上海市浦东张江高科技园区张衡路528号',
  'bed_num' => '1000',
  'grade' => '三级甲等',
  'h_yyid' => '1D7CDC3C534411E79E6C68F728954D54',
  'introduction' => '上海曙光医院(东院)(上海市张衡路528号)',
  'loc_code' => '424,17,18',
  'medical_guide' => '上海曙光医院是上海中医药大学附属医院之一。医院布局',
  'name' => '上海曙光医院东院',
  'operation_num' => '2000',
  'os' => 'wechat',
  'outpatient_num' => '3000',
  'tel_num' => '021-20256666(总机),021-20256117(东院专家门诊咨询),021-20256600/20256606(东院特需、名老专家咨询预约)',
  'traffic_guide' => '公交线路:地铁二号线张江高科站下',
  'u_yyid' => '9151DD465F1E11E7A1C868F728954D54',
  'user_token' => 'N2CntNKtPjTn3ykQV7ErMDewfSwQ4-CHBbA5GD8zbwM',
  'v' => '1',
  'yyid' => '9151DD465F1E11E7A1C868F728954D54',
)
14:31:24 INFO	/data/webapp/PROD/MOBILE/2017_06_01/app-youyao-mobile/controller/hospital/Edit.php	Hospital_EditController	65	array (
  'h_yyid' => '1D7CDC3C534411E79E6C68F728954D54',
  'u_yyid' => '9151DD465F1E11E7A1C868F728954D54',
  'name' => '上海曙光医院东院',
  'grade' => '三级甲等',
  'tel_num' => '021-20256666(总机),021-20256117(东院专家门诊咨询),021-20256600/20256606(东院特需、名老专家咨询预约)',
  'address' => '上海市浦东张江高科技园区张衡路528号',
  'traffic_guide' => '公交线路:地铁二号线张江高科站下',
  'medical_guide' => '上海曙光医院是上海中医药大学附属医院之一。医院布局',
  'introduction' => '上海曙光医院(东院)(上海市张衡路528号)',
  'bed_num' => '1000',
  'operation_num' => '2000',
  'outpatient_num' => '3000',
  'loc_code' => '424,17,18',
  'status' => 1,
  'views' => 0,
  'ver' => '1707081431',
  'created' => 1499495484,
)
14:31:24 INFO	/data/webapp/PROD/app-youyao-core/2017_06_01/classes/bll/user/UserInfo.php	Bll_User_UserInfo	84	9151DD465F1E11E7A1C868F728954D54 , N2CntNKtPjTn3ykQV7ErMDewfSwQ4-CHBbA5GD8zbwM
14:31:24 INFO	/data/webapp/PROD/app-youyao-core/2017_06_01/classes/bll/hospital/Info.php	Bll_Hospital_Info	13	sk_yyid: 561B650A631F11E792CE68F728954D54
14:31:24 INFO	/data/webapp/PROD/app-youyao-core/2017_06_01/classes/bll/hospital/Info.php	Bll_Hospital_Info	14	yyid: 1D7CDC3C534411E79E6C68F728954D54
16:14:21 INFO	/data/webapp/PROD/MOBILE/2017_06_01/app-youyao-mobile/controller/hospital/Edit.php	Hospital_EditController	22	array (
  'action' => 'replace',
  'address' => '上海市浦东张江高科技园区张衡路528号',
  'bed_num' => '1000',
  'grade' => '三级甲等',
  'h_yyid' => '1D7CDC3C534411E79E6C68F728954D54',
  'introduction' => '上海曙光医院(东院)(上海市张衡路528号)',
  'loc_code' => '424,17,18',
  'medical_guide' => '上海曙光医院是上海中医药大学附属医院之一。医院布局',
  'name' => '上海曙光医院东院',
  'operation_num' => '2000',
  'os' => 'wechat',
  'outpatient_num' => '3000',
  'tel_num' => '021-20256666(总机),021-20256117(东院专家门诊咨询),021-20256600/20256606(东院特需、名老专家咨询预约)',
  'traffic_guide' => '公交线路:地铁二号线张江高科站下',
  'u_yyid' => '9151DD465F1E11E7A1C868F728954D54',
  'user_token' => 'N2CntNKtPjTn3ykQV7ErMDewfSwQ4-CHBbA5GD8zbwM',
  'v' => '1',
  'yyid' => '9151DD465F1E11E7A1C868F728954D54',
)
16:14:21 INFO	/data/webapp/PROD/MOBILE/2017_06_01/app-youyao-mobile/controller/hospital/Edit.php	Hospital_EditController	65	array (
  'h_yyid' => '1D7CDC3C534411E79E6C68F728954D54',
  'u_yyid' => '9151DD465F1E11E7A1C868F728954D54',
  'name' => '上海曙光医院东院',
  'grade' => '三级甲等',
  'tel_num' => '021-20256666(总机),021-20256117(东院专家门诊咨询),021-20256600/20256606(东院特需、名老专家咨询预约)',
  'address' => '上海市浦东张江高科技园区张衡路528号',
  'traffic_guide' => '公交线路:地铁二号线张江高科站下',
  'medical_guide' => '上海曙光医院是上海中医药大学附属医院之一。医院布局',
  'introduction' => '上海曙光医院(东院)(上海市张衡路528号)',
  'bed_num' => '1000',
  'operation_num' => '2000',
  'outpatient_num' => '3000',
  'loc_code' => '424,17,18',
  'status' => 1,
  'views' => 0,
  'ver' => '1707081614',
  'created' => 1499501661,
)
16:14:21 INFO	/data/webapp/PROD/app-youyao-core/2017_06_01/classes/bll/user/UserInfo.php	Bll_User_UserInfo	84	9151DD465F1E11E7A1C868F728954D54 , N2CntNKtPjTn3ykQV7ErMDewfSwQ4-CHBbA5GD8zbwM
16:14:21 INFO	/data/webapp/PROD/app-youyao-core/2017_06_01/classes/bll/hospital/Info.php	Bll_Hospital_Info	13	sk_yyid: 561B650A631F11E792CE68F728954D54
16:14:21 INFO	/data/webapp/PROD/app-youyao-core/2017_06_01/classes/bll/hospital/Info.php	Bll_Hospital_Info	14	yyid: 1D7CDC3C534411E79E6C68F728954D54
16:32:21 INFO	/data/webapp/PROD/MOBILE/2017_06_01/app-youyao-mobile/controller/drug/Edit.php	Drug_EditController	22	array (
  'action' => 'replace',
  'adaptation_department' => 'adaptation_department',
  'adverse_reaction' => '临床试验未见不良反应。据文献报道',
  'approval_id' => '国药准字S20030070',
  'attentions' => 'attentions',
  'attentions_ch' => 'attentions_ch',
  'attentions_oa' => 'attentions_oa',
  'attentions_pw' => 'attentions_pw',
  'business_type' => 'business_type',
  'c_name' => '外用冻干人纤维蛋白粘合剂',
  'channel' => 'channel',
  'chinical_trial' => 'chinical_trial',
  'competitive_products' => 'competitive_products',
  'd_yyid' => 'DE001CB660C111E7882668F728954D54',
  'dosage_form' => '冻干人纤维蛋白原：灰白色或淡黄色疏松体。',
  'e_name' => 'Fibrin Sealant（Human）',
  'indication' => '局部止血药。',
  'ingredients' => '主要组成成份：',
  'manufacturer' => 'manufacturer',
  'medical_insurance' => 'medical_insurance',
  'name' => '护固莱士 - edit',
  'os' => 'wechat',
  'overdose' => 'overdose',
  'package' => 'package',
  'performance_standards' => 'performance_standards',
  'period_validity' => 'period_validity',
  'pharmacokinetics' => 'pharmacokinetics',
  'preparation' => 'preparation',
  'price' => 'price',
  'product_advantage' => 'product_advantage',
  'py_name' => 'Waiyong Donggan Ren Xianwei Danbai Nianheji',
  'shape' => '冻干人纤维蛋白原：灰白色或淡黄色疏松体。',
  'specs' => '2毫升',
  'storage_conditions' => 'storage_conditions',
  'taboo' => 'taboo',
  'therapeutic_field' => 'therapeutic_field',
  'toxicology' => 'toxicology',
  'type' => '1',
  'u_yyid' => '9151DD465F1E11E7A1C868F728954D54',
  'usage' => '常规消毒瓶塞以及使用过程中所用',
  'user_token' => 'N2CntNKtPjTn3ykQV7ErMDewfSwQ4-CHBbA5GD8zbwM',
  'v' => '1',
  'yyid' => '9151DD465F1E11E7A1C868F728954D54',
)
16:32:21 INFO	/data/webapp/PROD/MOBILE/2017_06_01/app-youyao-mobile/controller/drug/Edit.php	Drug_EditController	114	array (
  'u_yyid' => '9151DD465F1E11E7A1C868F728954D54',
  'name' => '护固莱士 - edit',
  'c_name' => '外用冻干人纤维蛋白粘合剂',
  'e_name' => 'Fibrin Sealant（Human）',
  'py_name' => 'Waiyong Donggan Ren Xianwei Danbai Nianheji',
  'type' => '1',
  'approval_id' => '国药准字S20030070',
  'specs' => '2毫升',
  'dosage_form' => '冻干人纤维蛋白原：灰白色或淡黄色疏松体。',
  'indication' => '局部止血药。',
  'ingredients' => '主要组成成份：',
  'shape' => '冻干人纤维蛋白原：灰白色或淡黄色疏松体。',
  'usage' => '常规消毒瓶塞以及使用过程中所用',
  'adverse_reaction' => '临床试验未见不良反应。据文献报道',
  'taboo' => 'taboo',
  'attentions' => 'attentions',
  'attentions_pw' => 'attentions_pw',
  'attentions_ch' => 'attentions_ch',
  'attentions_oa' => 'attentions_oa',
  'overdose' => 'overdose',
  'chinical_trial' => 'chinical_trial',
  'toxicology' => 'toxicology',
  'pharmacokinetics' => 'pharmacokinetics',
  'storage_conditions' => 'storage_conditions',
  'package' => 'package',
  'period_validity' => 'period_validity',
  'performance_standards' => 'performance_standards',
  'price' => 'price',
  'preparation' => 'preparation',
  'adaptation_department' => 'adaptation_department',
  'therapeutic_field' => 'therapeutic_field',
  'product_advantage' => 'product_advantage',
  'channel' => 'channel',
  'business_type' => 'business_type',
  'medical_insurance' => 'medical_insurance',
  'competitive_products' => 'competitive_products',
  'manufacturer' => 'manufacturer',
  'imgs_num' => 0,
  'status' => 1,
  'created' => 1499502741,
)
16:32:21 INFO	/data/webapp/PROD/app-youyao-core/2017_06_01/classes/bll/user/UserInfo.php	Bll_User_UserInfo	84	9151DD465F1E11E7A1C868F728954D54 , N2CntNKtPjTn3ykQV7ErMDewfSwQ4-CHBbA5GD8zbwM
16:33:44 INFO	/data/webapp/PROD/MOBILE/2017_06_01/app-youyao-mobile/controller/drug/Edit.php	Drug_EditController	22	array (
  'action' => 'replace',
  'adaptation_department' => 'adaptation_department',
  'adverse_reaction' => '临床试验未见不良反应。据文献报道',
  'approval_id' => '国药准字S20030070',
  'attentions' => 'attentions',
  'attentions_ch' => 'attentions_ch',
  'attentions_oa' => 'attentions_oa',
  'attentions_pw' => 'attentions_pw',
  'business_type' => 'business_type',
  'c_name' => '外用冻干人纤维蛋白粘合剂',
  'channel' => 'channel',
  'chinical_trial' => 'chinical_trial',
  'competitive_products' => 'competitive_products',
  'd_yyid' => 'DE001CB660C111E7882668F728954D54',
  'dosage_form' => '冻干人纤维蛋白原：灰白色或淡黄色疏松体。',
  'e_name' => 'Fibrin Sealant（Human）',
  'indication' => '局部止血药。',
  'ingredients' => '主要组成成份：',
  'manufacturer' => 'manufacturer',
  'medical_insurance' => 'medical_insurance',
  'name' => '护固莱士 - edit',
  'os' => 'wechat',
  'overdose' => 'overdose',
  'package' => 'package',
  'performance_standards' => 'performance_standards',
  'period_validity' => 'period_validity',
  'pharmacokinetics' => 'pharmacokinetics',
  'preparation' => 'preparation',
  'price' => 'price',
  'product_advantage' => 'product_advantage',
  'py_name' => 'Waiyong Donggan Ren Xianwei Danbai Nianheji',
  'shape' => '冻干人纤维蛋白原：灰白色或淡黄色疏松体。',
  'specs' => '2毫升',
  'storage_conditions' => 'storage_conditions',
  'taboo' => 'taboo',
  'therapeutic_field' => 'therapeutic_field',
  'toxicology' => 'toxicology',
  'type' => '1',
  'u_yyid' => '9151DD465F1E11E7A1C868F728954D54',
  'usage' => '常规消毒瓶塞以及使用过程中所用',
  'user_token' => 'N2CntNKtPjTn3ykQV7ErMDewfSwQ4-CHBbA5GD8zbwM',
  'v' => '1',
  'yyid' => '9151DD465F1E11E7A1C868F728954D54',
)
16:33:44 INFO	/data/webapp/PROD/MOBILE/2017_06_01/app-youyao-mobile/controller/drug/Edit.php	Drug_EditController	114	array (
  'u_yyid' => '9151DD465F1E11E7A1C868F728954D54',
  'name' => '护固莱士 - edit',
  'c_name' => '外用冻干人纤维蛋白粘合剂',
  'e_name' => 'Fibrin Sealant（Human）',
  'py_name' => 'Waiyong Donggan Ren Xianwei Danbai Nianheji',
  'type' => '1',
  'approval_id' => '国药准字S20030070',
  'specs' => '2毫升',
  'dosage_form' => '冻干人纤维蛋白原：灰白色或淡黄色疏松体。',
  'indication' => '局部止血药。',
  'ingredients' => '主要组成成份：',
  'shape' => '冻干人纤维蛋白原：灰白色或淡黄色疏松体。',
  'usage' => '常规消毒瓶塞以及使用过程中所用',
  'adverse_reaction' => '临床试验未见不良反应。据文献报道',
  'taboo' => 'taboo',
  'attentions' => 'attentions',
  'attentions_pw' => 'attentions_pw',
  'attentions_ch' => 'attentions_ch',
  'attentions_oa' => 'attentions_oa',
  'overdose' => 'overdose',
  'chinical_trial' => 'chinical_trial',
  'toxicology' => 'toxicology',
  'pharmacokinetics' => 'pharmacokinetics',
  'storage_conditions' => 'storage_conditions',
  'package' => 'package',
  'period_validity' => 'period_validity',
  'performance_standards' => 'performance_standards',
  'price' => 'price',
  'preparation' => 'preparation',
  'adaptation_department' => 'adaptation_department',
  'therapeutic_field' => 'therapeutic_field',
  'product_advantage' => 'product_advantage',
  'channel' => 'channel',
  'business_type' => 'business_type',
  'medical_insurance' => 'medical_insurance',
  'competitive_products' => 'competitive_products',
  'manufacturer' => 'manufacturer',
  'imgs_num' => 0,
  'status' => 1,
  'created' => 1499502824,
)
16:33:44 INFO	/data/webapp/PROD/app-youyao-core/2017_06_01/classes/bll/user/UserInfo.php	Bll_User_UserInfo	84	9151DD465F1E11E7A1C868F728954D54 , N2CntNKtPjTn3ykQV7ErMDewfSwQ4-CHBbA5GD8zbwM
16:36:19 INFO	/data/webapp/PROD/MOBILE/2017_06_01/app-youyao-mobile/controller/drug/Edit.php	Drug_EditController	22	array (
  'action' => 'replace',
  'adaptation_department' => 'adaptation_department',
  'adverse_reaction' => '临床试验未见不良反应。据文献报道',
  'approval_id' => '国药准字S20030070',
  'attentions' => 'attentions',
  'attentions_ch' => 'attentions_ch',
  'attentions_oa' => 'attentions_oa',
  'attentions_pw' => 'attentions_pw',
  'business_type' => 'business_type',
  'c_name' => '外用冻干人纤维蛋白粘合剂',
  'channel' => 'channel',
  'chinical_trial' => 'chinical_trial',
  'competitive_products' => 'competitive_products',
  'd_yyid' => 'DE001CB660C111E7882668F728954D54',
  'dosage_form' => '冻干人纤维蛋白原：灰白色或淡黄色疏松体。',
  'e_name' => 'Fibrin Sealant（Human）',
  'indication' => '局部止血药。',
  'ingredients' => '主要组成成份：',
  'manufacturer' => 'manufacturer',
  'medical_insurance' => 'medical_insurance',
  'name' => '护固莱士 - edit',
  'os' => 'wechat',
  'overdose' => 'overdose',
  'package' => 'package',
  'performance_standards' => 'performance_standards',
  'period_validity' => 'period_validity',
  'pharmacokinetics' => 'pharmacokinetics',
  'preparation' => 'preparation',
  'price' => 'price',
  'product_advantage' => 'product_advantage',
  'py_name' => 'Waiyong Donggan Ren Xianwei Danbai Nianheji',
  'shape' => '冻干人纤维蛋白原：灰白色或淡黄色疏松体。',
  'specs' => '2毫升',
  'storage_conditions' => 'storage_conditions',
  'taboo' => 'taboo',
  'therapeutic_field' => 'therapeutic_field',
  'toxicology' => 'toxicology',
  'type' => '1',
  'u_yyid' => '9151DD465F1E11E7A1C868F728954D54',
  'usage' => '常规消毒瓶塞以及使用过程中所用',
  'user_token' => 'N2CntNKtPjTn3ykQV7ErMDewfSwQ4-CHBbA5GD8zbwM',
  'v' => '1',
  'yyid' => '9151DD465F1E11E7A1C868F728954D54',
)
16:36:19 INFO	/data/webapp/PROD/MOBILE/2017_06_01/app-youyao-mobile/controller/drug/Edit.php	Drug_EditController	115	array (
  'd_yyid' => 'DE001CB660C111E7882668F728954D54',
  'u_yyid' => '9151DD465F1E11E7A1C868F728954D54',
  'name' => '护固莱士 - edit',
  'c_name' => '外用冻干人纤维蛋白粘合剂',
  'e_name' => 'Fibrin Sealant（Human）',
  'py_name' => 'Waiyong Donggan Ren Xianwei Danbai Nianheji',
  'type' => '1',
  'approval_id' => '国药准字S20030070',
  'specs' => '2毫升',
  'dosage_form' => '冻干人纤维蛋白原：灰白色或淡黄色疏松体。',
  'indication' => '局部止血药。',
  'ingredients' => '主要组成成份：',
  'shape' => '冻干人纤维蛋白原：灰白色或淡黄色疏松体。',
  'usage' => '常规消毒瓶塞以及使用过程中所用',
  'adverse_reaction' => '临床试验未见不良反应。据文献报道',
  'taboo' => 'taboo',
  'attentions' => 'attentions',
  'attentions_pw' => 'attentions_pw',
  'attentions_ch' => 'attentions_ch',
  'attentions_oa' => 'attentions_oa',
  'overdose' => 'overdose',
  'chinical_trial' => 'chinical_trial',
  'toxicology' => 'toxicology',
  'pharmacokinetics' => 'pharmacokinetics',
  'storage_conditions' => 'storage_conditions',
  'package' => 'package',
  'period_validity' => 'period_validity',
  'performance_standards' => 'performance_standards',
  'price' => 'price',
  'preparation' => 'preparation',
  'adaptation_department' => 'adaptation_department',
  'therapeutic_field' => 'therapeutic_field',
  'product_advantage' => 'product_advantage',
  'channel' => 'channel',
  'business_type' => 'business_type',
  'medical_insurance' => 'medical_insurance',
  'competitive_products' => 'competitive_products',
  'manufacturer' => 'manufacturer',
  'imgs_num' => 0,
  'status' => 1,
  'created' => 1499502979,
)
16:36:19 INFO	/data/webapp/PROD/app-youyao-core/2017_06_01/classes/bll/user/UserInfo.php	Bll_User_UserInfo	84	9151DD465F1E11E7A1C868F728954D54 , N2CntNKtPjTn3ykQV7ErMDewfSwQ4-CHBbA5GD8zbwM
16:38:45 INFO	/data/webapp/PROD/MOBILE/2017_06_01/app-youyao-mobile/controller/drug/Edit.php	Drug_EditController	22	array (
  'action' => 'replace',
  'adaptation_department' => 'adaptation_department',
  'adverse_reaction' => '临床试验未见不良反应。据文献报道',
  'approval_id' => '国药准字S20030070',
  'attentions' => 'attentions',
  'attentions_ch' => 'attentions_ch',
  'attentions_oa' => 'attentions_oa',
  'attentions_pw' => 'attentions_pw',
  'business_type' => 'business_type',
  'c_name' => '外用冻干人纤维蛋白粘合剂',
  'channel' => 'channel',
  'chinical_trial' => 'chinical_trial',
  'competitive_products' => 'competitive_products',
  'd_yyid' => 'DE001CB660C111E7882668F728954D54',
  'dosage_form' => '冻干人纤维蛋白原：灰白色或淡黄色疏松体。',
  'e_name' => 'Fibrin Sealant（Human）',
  'indication' => '局部止血药。',
  'ingredients' => '主要组成成份：',
  'manufacturer' => 'manufacturer',
  'medical_insurance' => 'medical_insurance',
  'name' => '护固莱士 - edit',
  'os' => 'wechat',
  'overdose' => 'overdose',
  'package' => 'package',
  'performance_standards' => 'performance_standards',
  'period_validity' => 'period_validity',
  'pharmacokinetics' => 'pharmacokinetics',
  'preparation' => 'preparation',
  'price' => 'price',
  'product_advantage' => 'product_advantage',
  'py_name' => 'Waiyong Donggan Ren Xianwei Danbai Nianheji',
  'shape' => '冻干人纤维蛋白原：灰白色或淡黄色疏松体。',
  'specs' => '2毫升',
  'storage_conditions' => 'storage_conditions',
  'taboo' => 'taboo',
  'therapeutic_field' => 'therapeutic_field',
  'toxicology' => 'toxicology',
  'type' => '1',
  'u_yyid' => '9151DD465F1E11E7A1C868F728954D54',
  'usage' => '常规消毒瓶塞以及使用过程中所用',
  'user_token' => 'N2CntNKtPjTn3ykQV7ErMDewfSwQ4-CHBbA5GD8zbwM',
  'v' => '1',
  'yyid' => '9151DD465F1E11E7A1C868F728954D54',
)
16:38:45 INFO	/data/webapp/PROD/MOBILE/2017_06_01/app-youyao-mobile/controller/drug/Edit.php	Drug_EditController	115	array (
  'd_yyid' => 'DE001CB660C111E7882668F728954D54',
  'u_yyid' => '9151DD465F1E11E7A1C868F728954D54',
  'name' => '护固莱士 - edit',
  'c_name' => '外用冻干人纤维蛋白粘合剂',
  'e_name' => 'Fibrin Sealant（Human）',
  'py_name' => 'Waiyong Donggan Ren Xianwei Danbai Nianheji',
  'type' => '1',
  'approval_id' => '国药准字S20030070',
  'specs' => '2毫升',
  'dosage_form' => '冻干人纤维蛋白原：灰白色或淡黄色疏松体。',
  'indication' => '局部止血药。',
  'ingredients' => '主要组成成份：',
  'shape' => '冻干人纤维蛋白原：灰白色或淡黄色疏松体。',
  'usage' => '常规消毒瓶塞以及使用过程中所用',
  'adverse_reaction' => '临床试验未见不良反应。据文献报道',
  'taboo' => 'taboo',
  'attentions' => 'attentions',
  'attentions_pw' => 'attentions_pw',
  'attentions_ch' => 'attentions_ch',
  'attentions_oa' => 'attentions_oa',
  'overdose' => 'overdose',
  'chinical_trial' => 'chinical_trial',
  'toxicology' => 'toxicology',
  'pharmacokinetics' => 'pharmacokinetics',
  'storage_conditions' => 'storage_conditions',
  'package' => 'package',
  'period_validity' => 'period_validity',
  'performance_standards' => 'performance_standards',
  'price' => 'price',
  'preparation' => 'preparation',
  'adaptation_department' => 'adaptation_department',
  'therapeutic_field' => 'therapeutic_field',
  'product_advantage' => 'product_advantage',
  'channel' => 'channel',
  'business_type' => 'business_type',
  'medical_insurance' => 'medical_insurance',
  'competitive_products' => 'competitive_products',
  'manufacturer' => 'manufacturer',
  'imgs_num' => 0,
  'status' => 1,
  'created' => 1499503125,
)
16:38:45 INFO	/data/webapp/PROD/app-youyao-core/2017_06_01/classes/bll/user/UserInfo.php	Bll_User_UserInfo	84	9151DD465F1E11E7A1C868F728954D54 , N2CntNKtPjTn3ykQV7ErMDewfSwQ4-CHBbA5GD8zbwM
16:38:45 INFO	/data/webapp/PROD/MOBILE/2017_06_01/app-youyao-mobile/controller/drug/Edit.php	Drug_EditController	136	array (
  'd_yyid' => 'DE001CB660C111E7882668F728954D54',
  'u_yyid' => '9151DD465F1E11E7A1C868F728954D54',
  'name' => '护固莱士 - edit',
  'c_name' => '外用冻干人纤维蛋白粘合剂',
  'e_name' => 'Fibrin Sealant（Human）',
  'py_name' => 'Waiyong Donggan Ren Xianwei Danbai Nianheji',
  'type' => '1',
  'approval_id' => '国药准字S20030070',
  'specs' => '2毫升',
  'dosage_form' => '冻干人纤维蛋白原：灰白色或淡黄色疏松体。',
  'indication' => '局部止血药。',
  'ingredients' => '主要组成成份：',
  'shape' => '冻干人纤维蛋白原：灰白色或淡黄色疏松体。',
  'usage' => '常规消毒瓶塞以及使用过程中所用',
  'adverse_reaction' => '临床试验未见不良反应。据文献报道',
  'taboo' => 'taboo',
  'attentions' => 'attentions',
  'attentions_pw' => 'attentions_pw',
  'attentions_ch' => 'attentions_ch',
  'attentions_oa' => 'attentions_oa',
  'overdose' => 'overdose',
  'chinical_trial' => 'chinical_trial',
  'toxicology' => 'toxicology',
  'pharmacokinetics' => 'pharmacokinetics',
  'storage_conditions' => 'storage_conditions',
  'package' => 'package',
  'period_validity' => 'period_validity',
  'performance_standards' => 'performance_standards',
  'price' => 'price',
  'preparation' => 'preparation',
  'adaptation_department' => 'adaptation_department',
  'therapeutic_field' => 'therapeutic_field',
  'product_advantage' => 'product_advantage',
  'channel' => 'channel',
  'business_type' => 'business_type',
  'medical_insurance' => 'medical_insurance',
  'competitive_products' => 'competitive_products',
  'manufacturer' => 'manufacturer',
  'imgs_num' => 0,
  'status' => 1,
  'created' => 1499503125,
)
16:41:57 INFO	/data/webapp/PROD/MOBILE/2017_06_01/app-youyao-mobile/controller/drug/Edit.php	Drug_EditController	22	array (
  'action' => 'replace',
  'adaptation_department' => 'adaptation_department',
  'adverse_reaction' => '临床试验未见不良反应。据文献报道',
  'approval_id' => '国药准字S20030070',
  'attentions' => 'attentions',
  'attentions_ch' => 'attentions_ch',
  'attentions_oa' => 'attentions_oa',
  'attentions_pw' => 'attentions_pw',
  'business_type' => 'business_type',
  'c_name' => '外用冻干人纤维蛋白粘合剂',
  'channel' => 'channel',
  'chinical_trial' => 'chinical_trial',
  'competitive_products' => 'competitive_products',
  'd_yyid' => 'DE001CB660C111E7882668F728954D54',
  'dosage_form' => '冻干人纤维蛋白原：灰白色或淡黄色疏松体。',
  'e_name' => 'Fibrin Sealant（Human）',
  'indication' => '局部止血药。',
  'ingredients' => '主要组成成份：',
  'manufacturer' => 'manufacturer',
  'medical_insurance' => 'medical_insurance',
  'name' => '护固莱士 - edit',
  'os' => 'wechat',
  'overdose' => 'overdose',
  'package' => 'package',
  'performance_standards' => 'performance_standards',
  'period_validity' => 'period_validity',
  'pharmacokinetics' => 'pharmacokinetics',
  'preparation' => 'preparation',
  'price' => 'price',
  'product_advantage' => 'product_advantage',
  'py_name' => 'Waiyong Donggan Ren Xianwei Danbai Nianheji',
  'shape' => '冻干人纤维蛋白原：灰白色或淡黄色疏松体。',
  'specs' => '2毫升',
  'storage_conditions' => 'storage_conditions',
  'taboo' => 'taboo',
  'therapeutic_field' => 'therapeutic_field',
  'toxicology' => 'toxicology',
  'type' => '1',
  'u_yyid' => '9151DD465F1E11E7A1C868F728954D54',
  'usage' => '常规消毒瓶塞以及使用过程中所用',
  'user_token' => 'N2CntNKtPjTn3ykQV7ErMDewfSwQ4-CHBbA5GD8zbwM',
  'v' => '1',
  'yyid' => '9151DD465F1E11E7A1C868F728954D54',
)
16:41:57 INFO	/data/webapp/PROD/MOBILE/2017_06_01/app-youyao-mobile/controller/drug/Edit.php	Drug_EditController	115	array (
  'd_yyid' => 'DE001CB660C111E7882668F728954D54',
  'u_yyid' => '9151DD465F1E11E7A1C868F728954D54',
  'name' => '护固莱士 - edit',
  'c_name' => '外用冻干人纤维蛋白粘合剂',
  'e_name' => 'Fibrin Sealant（Human）',
  'py_name' => 'Waiyong Donggan Ren Xianwei Danbai Nianheji',
  'type' => '1',
  'approval_id' => '国药准字S20030070',
  'specs' => '2毫升',
  'dosage_form' => '冻干人纤维蛋白原：灰白色或淡黄色疏松体。',
  'indication' => '局部止血药。',
  'ingredients' => '主要组成成份：',
  'shape' => '冻干人纤维蛋白原：灰白色或淡黄色疏松体。',
  'usage' => '常规消毒瓶塞以及使用过程中所用',
  'adverse_reaction' => '临床试验未见不良反应。据文献报道',
  'taboo' => 'taboo',
  'attentions' => 'attentions',
  'attentions_pw' => 'attentions_pw',
  'attentions_ch' => 'attentions_ch',
  'attentions_oa' => 'attentions_oa',
  'overdose' => 'overdose',
  'chinical_trial' => 'chinical_trial',
  'toxicology' => 'toxicology',
  'pharmacokinetics' => 'pharmacokinetics',
  'storage_conditions' => 'storage_conditions',
  'package' => 'package',
  'period_validity' => 'period_validity',
  'performance_standards' => 'performance_standards',
  'price' => 'price',
  'preparation' => 'preparation',
  'adaptation_department' => 'adaptation_department',
  'therapeutic_field' => 'therapeutic_field',
  'product_advantage' => 'product_advantage',
  'channel' => 'channel',
  'business_type' => 'business_type',
  'medical_insurance' => 'medical_insurance',
  'competitive_products' => 'competitive_products',
  'manufacturer' => 'manufacturer',
  'imgs_num' => 0,
  'status' => 1,
  'created' => 1499503317,
)
16:41:57 INFO	/data/webapp/PROD/app-youyao-core/2017_06_01/classes/bll/user/UserInfo.php	Bll_User_UserInfo	84	9151DD465F1E11E7A1C868F728954D54 , N2CntNKtPjTn3ykQV7ErMDewfSwQ4-CHBbA5GD8zbwM
16:43:39 INFO	/data/webapp/PROD/MOBILE/2017_06_01/app-youyao-mobile/controller/drug/Edit.php	Drug_EditController	22	array (
  'action' => 'replace',
  'adaptation_department' => 'adaptation_department',
  'adverse_reaction' => '临床试验未见不良反应。据文献报道',
  'approval_id' => '国药准字S20030070',
  'attentions' => 'attentions',
  'attentions_ch' => 'attentions_ch',
  'attentions_oa' => 'attentions_oa',
  'attentions_pw' => 'attentions_pw',
  'business_type' => 'business_type',
  'c_name' => '外用冻干人纤维蛋白粘合剂',
  'channel' => 'channel',
  'chinical_trial' => 'chinical_trial',
  'competitive_products' => 'competitive_products',
  'd_yyid' => 'DE001CB660C111E7882668F728954D54',
  'dosage_form' => '冻干人纤维蛋白原：灰白色或淡黄色疏松体。',
  'e_name' => 'Fibrin Sealant（Human）',
  'indication' => '局部止血药。',
  'ingredients' => '主要组成成份：',
  'manufacturer' => 'manufacturer',
  'medical_insurance' => 'medical_insurance',
  'name' => '护固莱士 - edit',
  'os' => 'wechat',
  'overdose' => 'overdose',
  'package' => 'package',
  'performance_standards' => 'performance_standards',
  'period_validity' => 'period_validity',
  'pharmacokinetics' => 'pharmacokinetics',
  'preparation' => 'preparation',
  'price' => 'price',
  'product_advantage' => 'product_advantage',
  'py_name' => 'Waiyong Donggan Ren Xianwei Danbai Nianheji',
  'shape' => '冻干人纤维蛋白原：灰白色或淡黄色疏松体。',
  'specs' => '2毫升',
  'storage_conditions' => 'storage_conditions',
  'taboo' => 'taboo',
  'therapeutic_field' => 'therapeutic_field',
  'toxicology' => 'toxicology',
  'type' => '1',
  'u_yyid' => '9151DD465F1E11E7A1C868F728954D54',
  'usage' => '常规消毒瓶塞以及使用过程中所用',
  'user_token' => 'N2CntNKtPjTn3ykQV7ErMDewfSwQ4-CHBbA5GD8zbwM',
  'v' => '1',
  'yyid' => '9151DD465F1E11E7A1C868F728954D54',
)
16:43:39 INFO	/data/webapp/PROD/MOBILE/2017_06_01/app-youyao-mobile/controller/drug/Edit.php	Drug_EditController	115	array (
  'd_yyid' => 'DE001CB660C111E7882668F728954D54',
  'u_yyid' => '9151DD465F1E11E7A1C868F728954D54',
  'name' => '护固莱士 - edit',
  'c_name' => '外用冻干人纤维蛋白粘合剂',
  'e_name' => 'Fibrin Sealant（Human）',
  'py_name' => 'Waiyong Donggan Ren Xianwei Danbai Nianheji',
  'type' => '1',
  'approval_id' => '国药准字S20030070',
  'specs' => '2毫升',
  'dosage_form' => '冻干人纤维蛋白原：灰白色或淡黄色疏松体。',
  'indication' => '局部止血药。',
  'ingredients' => '主要组成成份：',
  'shape' => '冻干人纤维蛋白原：灰白色或淡黄色疏松体。',
  'usage' => '常规消毒瓶塞以及使用过程中所用',
  'adverse_reaction' => '临床试验未见不良反应。据文献报道',
  'taboo' => 'taboo',
  'attentions' => 'attentions',
  'attentions_pw' => 'attentions_pw',
  'attentions_ch' => 'attentions_ch',
  'attentions_oa' => 'attentions_oa',
  'overdose' => 'overdose',
  'chinical_trial' => 'chinical_trial',
  'toxicology' => 'toxicology',
  'pharmacokinetics' => 'pharmacokinetics',
  'storage_conditions' => 'storage_conditions',
  'package' => 'package',
  'period_validity' => 'period_validity',
  'performance_standards' => 'performance_standards',
  'price' => 'price',
  'preparation' => 'preparation',
  'adaptation_department' => 'adaptation_department',
  'therapeutic_field' => 'therapeutic_field',
  'product_advantage' => 'product_advantage',
  'channel' => 'channel',
  'business_type' => 'business_type',
  'medical_insurance' => 'medical_insurance',
  'competitive_products' => 'competitive_products',
  'manufacturer' => 'manufacturer',
  'imgs_num' => 0,
  'status' => 1,
  'created' => 1499503419,
)
16:43:39 INFO	/data/webapp/PROD/app-youyao-core/2017_06_01/classes/bll/user/UserInfo.php	Bll_User_UserInfo	84	9151DD465F1E11E7A1C868F728954D54 , N2CntNKtPjTn3ykQV7ErMDewfSwQ4-CHBbA5GD8zbwM
16:43:39 INFO	/data/webapp/PROD/MOBILE/2017_06_01/app-youyao-mobile/controller/drug/Edit.php	Drug_EditController	136	array (
  'd_yyid' => 'DE001CB660C111E7882668F728954D54',
  'u_yyid' => '9151DD465F1E11E7A1C868F728954D54',
  'name' => '护固莱士 - edit',
  'c_name' => '外用冻干人纤维蛋白粘合剂',
  'e_name' => 'Fibrin Sealant（Human）',
  'py_name' => 'Waiyong Donggan Ren Xianwei Danbai Nianheji',
  'type' => '1',
  'approval_id' => '国药准字S20030070',
  'specs' => '2毫升',
  'dosage_form' => '冻干人纤维蛋白原：灰白色或淡黄色疏松体。',
  'indication' => '局部止血药。',
  'ingredients' => '主要组成成份：',
  'shape' => '冻干人纤维蛋白原：灰白色或淡黄色疏松体。',
  'usage' => '常规消毒瓶塞以及使用过程中所用',
  'adverse_reaction' => '临床试验未见不良反应。据文献报道',
  'taboo' => 'taboo',
  'attentions' => 'attentions',
  'attentions_pw' => 'attentions_pw',
  'attentions_ch' => 'attentions_ch',
  'attentions_oa' => 'attentions_oa',
  'overdose' => 'overdose',
  'chinical_trial' => 'chinical_trial',
  'toxicology' => 'toxicology',
  'pharmacokinetics' => 'pharmacokinetics',
  'storage_conditions' => 'storage_conditions',
  'package' => 'package',
  'period_validity' => 'period_validity',
  'performance_standards' => 'performance_standards',
  'price' => 'price',
  'preparation' => 'preparation',
  'adaptation_department' => 'adaptation_department',
  'therapeutic_field' => 'therapeutic_field',
  'product_advantage' => 'product_advantage',
  'channel' => 'channel',
  'business_type' => 'business_type',
  'medical_insurance' => 'medical_insurance',
  'competitive_products' => 'competitive_products',
  'manufacturer' => 'manufacturer',
  'imgs_num' => 0,
  'status' => 1,
  'created' => 1499503419,
)
16:44:30 INFO	/data/webapp/PROD/MOBILE/2017_06_01/app-youyao-mobile/controller/drug/Edit.php	Drug_EditController	22	array (
  'action' => 'replace',
  'adaptation_department' => 'adaptation_department',
  'adverse_reaction' => '临床试验未见不良反应。据文献报道',
  'approval_id' => '国药准字S20030070',
  'attentions' => 'attentions',
  'attentions_ch' => 'attentions_ch',
  'attentions_oa' => 'attentions_oa',
  'attentions_pw' => 'attentions_pw',
  'business_type' => 'business_type',
  'c_name' => '外用冻干人纤维蛋白粘合剂',
  'channel' => 'channel',
  'chinical_trial' => 'chinical_trial',
  'competitive_products' => 'competitive_products',
  'dosage_form' => '冻干人纤维蛋白原：灰白色或淡黄色疏松体。',
  'e_name' => 'Fibrin Sealant（Human）',
  'indication' => '局部止血药。',
  'ingredients' => '主要组成成份：',
  'manufacturer' => 'manufacturer',
  'medical_insurance' => 'medical_insurance',
  'name' => '护固莱士 - add',
  'os' => 'wechat',
  'overdose' => 'overdose',
  'package' => 'package',
  'performance_standards' => 'performance_standards',
  'period_validity' => 'period_validity',
  'pharmacokinetics' => 'pharmacokinetics',
  'preparation' => 'preparation',
  'price' => 'price',
  'product_advantage' => 'product_advantage',
  'py_name' => 'Waiyong Donggan Ren Xianwei Danbai Nianheji',
  'shape' => '冻干人纤维蛋白原：灰白色或淡黄色疏松体。',
  'specs' => '2毫升',
  'storage_conditions' => 'storage_conditions',
  'taboo' => 'taboo',
  'therapeutic_field' => 'therapeutic_field',
  'toxicology' => 'toxicology',
  'type' => '1',
  'u_yyid' => '9151DD465F1E11E7A1C868F728954D54',
  'usage' => '常规消毒瓶塞以及使用过程中所用',
  'user_token' => 'N2CntNKtPjTn3ykQV7ErMDewfSwQ4-CHBbA5GD8zbwM',
  'v' => '1',
  'yyid' => '9151DD465F1E11E7A1C868F728954D54',
)
16:44:30 INFO	/data/webapp/PROD/MOBILE/2017_06_01/app-youyao-mobile/controller/drug/Edit.php	Drug_EditController	115	array (
  'd_yyid' => '',
  'u_yyid' => '9151DD465F1E11E7A1C868F728954D54',
  'name' => '护固莱士 - add',
  'c_name' => '外用冻干人纤维蛋白粘合剂',
  'e_name' => 'Fibrin Sealant（Human）',
  'py_name' => 'Waiyong Donggan Ren Xianwei Danbai Nianheji',
  'type' => '1',
  'approval_id' => '国药准字S20030070',
  'specs' => '2毫升',
  'dosage_form' => '冻干人纤维蛋白原：灰白色或淡黄色疏松体。',
  'indication' => '局部止血药。',
  'ingredients' => '主要组成成份：',
  'shape' => '冻干人纤维蛋白原：灰白色或淡黄色疏松体。',
  'usage' => '常规消毒瓶塞以及使用过程中所用',
  'adverse_reaction' => '临床试验未见不良反应。据文献报道',
  'taboo' => 'taboo',
  'attentions' => 'attentions',
  'attentions_pw' => 'attentions_pw',
  'attentions_ch' => 'attentions_ch',
  'attentions_oa' => 'attentions_oa',
  'overdose' => 'overdose',
  'chinical_trial' => 'chinical_trial',
  'toxicology' => 'toxicology',
  'pharmacokinetics' => 'pharmacokinetics',
  'storage_conditions' => 'storage_conditions',
  'package' => 'package',
  'period_validity' => 'period_validity',
  'performance_standards' => 'performance_standards',
  'price' => 'price',
  'preparation' => 'preparation',
  'adaptation_department' => 'adaptation_department',
  'therapeutic_field' => 'therapeutic_field',
  'product_advantage' => 'product_advantage',
  'channel' => 'channel',
  'business_type' => 'business_type',
  'medical_insurance' => 'medical_insurance',
  'competitive_products' => 'competitive_products',
  'manufacturer' => 'manufacturer',
  'imgs_num' => 0,
  'status' => 1,
  'created' => 1499503470,
)
16:44:30 INFO	/data/webapp/PROD/app-youyao-core/2017_06_01/classes/bll/user/UserInfo.php	Bll_User_UserInfo	84	9151DD465F1E11E7A1C868F728954D54 , N2CntNKtPjTn3ykQV7ErMDewfSwQ4-CHBbA5GD8zbwM
16:45:49 INFO	/data/webapp/PROD/MOBILE/2017_06_01/app-youyao-mobile/controller/drug/Edit.php	Drug_EditController	22	array (
  'action' => 'replace',
  'adaptation_department' => 'adaptation_department',
  'adverse_reaction' => '临床试验未见不良反应。据文献报道',
  'approval_id' => '国药准字S20030070',
  'attentions' => 'attentions',
  'attentions_ch' => 'attentions_ch',
  'attentions_oa' => 'attentions_oa',
  'attentions_pw' => 'attentions_pw',
  'business_type' => 'business_type',
  'c_name' => '外用冻干人纤维蛋白粘合剂',
  'channel' => 'channel',
  'chinical_trial' => 'chinical_trial',
  'competitive_products' => 'competitive_products',
  'dosage_form' => '冻干人纤维蛋白原：灰白色或淡黄色疏松体。',
  'e_name' => 'Fibrin Sealant（Human）',
  'indication' => '局部止血药。',
  'ingredients' => '主要组成成份：',
  'manufacturer' => 'manufacturer',
  'medical_insurance' => 'medical_insurance',
  'name' => '护固莱士 - add',
  'os' => 'wechat',
  'overdose' => 'overdose',
  'package' => 'package',
  'performance_standards' => 'performance_standards',
  'period_validity' => 'period_validity',
  'pharmacokinetics' => 'pharmacokinetics',
  'preparation' => 'preparation',
  'price' => 'price',
  'product_advantage' => 'product_advantage',
  'py_name' => 'Waiyong Donggan Ren Xianwei Danbai Nianheji',
  'shape' => '冻干人纤维蛋白原：灰白色或淡黄色疏松体。',
  'specs' => '2毫升',
  'storage_conditions' => 'storage_conditions',
  'taboo' => 'taboo',
  'therapeutic_field' => 'therapeutic_field',
  'toxicology' => 'toxicology',
  'type' => '1',
  'u_yyid' => '9151DD465F1E11E7A1C868F728954D54',
  'usage' => '常规消毒瓶塞以及使用过程中所用',
  'user_token' => 'N2CntNKtPjTn3ykQV7ErMDewfSwQ4-CHBbA5GD8zbwM',
  'v' => '1',
  'yyid' => '9151DD465F1E11E7A1C868F728954D54',
)
16:45:49 INFO	/data/webapp/PROD/MOBILE/2017_06_01/app-youyao-mobile/controller/drug/Edit.php	Drug_EditController	115	array (
  'd_yyid' => '',
  'u_yyid' => '9151DD465F1E11E7A1C868F728954D54',
  'name' => '护固莱士 - add',
  'c_name' => '外用冻干人纤维蛋白粘合剂',
  'e_name' => 'Fibrin Sealant（Human）',
  'py_name' => 'Waiyong Donggan Ren Xianwei Danbai Nianheji',
  'type' => '1',
  'approval_id' => '国药准字S20030070',
  'specs' => '2毫升',
  'dosage_form' => '冻干人纤维蛋白原：灰白色或淡黄色疏松体。',
  'indication' => '局部止血药。',
  'ingredients' => '主要组成成份：',
  'shape' => '冻干人纤维蛋白原：灰白色或淡黄色疏松体。',
  'usage' => '常规消毒瓶塞以及使用过程中所用',
  'adverse_reaction' => '临床试验未见不良反应。据文献报道',
  'taboo' => 'taboo',
  'attentions' => 'attentions',
  'attentions_pw' => 'attentions_pw',
  'attentions_ch' => 'attentions_ch',
  'attentions_oa' => 'attentions_oa',
  'overdose' => 'overdose',
  'chinical_trial' => 'chinical_trial',
  'toxicology' => 'toxicology',
  'pharmacokinetics' => 'pharmacokinetics',
  'storage_conditions' => 'storage_conditions',
  'package' => 'package',
  'period_validity' => 'period_validity',
  'performance_standards' => 'performance_standards',
  'price' => 'price',
  'preparation' => 'preparation',
  'adaptation_department' => 'adaptation_department',
  'therapeutic_field' => 'therapeutic_field',
  'product_advantage' => 'product_advantage',
  'channel' => 'channel',
  'business_type' => 'business_type',
  'medical_insurance' => 'medical_insurance',
  'competitive_products' => 'competitive_products',
  'manufacturer' => 'manufacturer',
  'imgs_num' => 0,
  'status' => 1,
  'created' => 1499503549,
)
16:45:49 INFO	/data/webapp/PROD/app-youyao-core/2017_06_01/classes/bll/user/UserInfo.php	Bll_User_UserInfo	84	9151DD465F1E11E7A1C868F728954D54 , N2CntNKtPjTn3ykQV7ErMDewfSwQ4-CHBbA5GD8zbwM
16:45:49 INFO	/data/webapp/PROD/MOBILE/2017_06_01/app-youyao-mobile/controller/drug/Edit.php	Drug_EditController	136	array (
  'd_yyid' => '',
  'u_yyid' => '9151DD465F1E11E7A1C868F728954D54',
  'name' => '护固莱士 - add',
  'c_name' => '外用冻干人纤维蛋白粘合剂',
  'e_name' => 'Fibrin Sealant（Human）',
  'py_name' => 'Waiyong Donggan Ren Xianwei Danbai Nianheji',
  'type' => '1',
  'approval_id' => '国药准字S20030070',
  'specs' => '2毫升',
  'dosage_form' => '冻干人纤维蛋白原：灰白色或淡黄色疏松体。',
  'indication' => '局部止血药。',
  'ingredients' => '主要组成成份：',
  'shape' => '冻干人纤维蛋白原：灰白色或淡黄色疏松体。',
  'usage' => '常规消毒瓶塞以及使用过程中所用',
  'adverse_reaction' => '临床试验未见不良反应。据文献报道',
  'taboo' => 'taboo',
  'attentions' => 'attentions',
  'attentions_pw' => 'attentions_pw',
  'attentions_ch' => 'attentions_ch',
  'attentions_oa' => 'attentions_oa',
  'overdose' => 'overdose',
  'chinical_trial' => 'chinical_trial',
  'toxicology' => 'toxicology',
  'pharmacokinetics' => 'pharmacokinetics',
  'storage_conditions' => 'storage_conditions',
  'package' => 'package',
  'period_validity' => 'period_validity',
  'performance_standards' => 'performance_standards',
  'price' => 'price',
  'preparation' => 'preparation',
  'adaptation_department' => 'adaptation_department',
  'therapeutic_field' => 'therapeutic_field',
  'product_advantage' => 'product_advantage',
  'channel' => 'channel',
  'business_type' => 'business_type',
  'medical_insurance' => 'medical_insurance',
  'competitive_products' => 'competitive_products',
  'manufacturer' => 'manufacturer',
  'imgs_num' => 0,
  'status' => 1,
  'created' => 1499503549,
)
16:47:19 INFO	/data/webapp/PROD/MOBILE/2017_06_01/app-youyao-mobile/controller/drug/Edit.php	Drug_EditController	22	array (
  'action' => 'replace',
  'adaptation_department' => 'adaptation_department',
  'adverse_reaction' => '临床试验未见不良反应。据文献报道',
  'approval_id' => '国药准字S20030070',
  'attentions' => 'attentions',
  'attentions_ch' => 'attentions_ch',
  'attentions_oa' => 'attentions_oa',
  'attentions_pw' => 'attentions_pw',
  'business_type' => 'business_type',
  'c_name' => '外用冻干人纤维蛋白粘合剂',
  'channel' => 'channel',
  'chinical_trial' => 'chinical_trial',
  'competitive_products' => 'competitive_products',
  'dosage_form' => '冻干人纤维蛋白原：灰白色或淡黄色疏松体。',
  'e_name' => 'Fibrin Sealant（Human）',
  'indication' => '局部止血药。',
  'ingredients' => '主要组成成份：',
  'manufacturer' => 'manufacturer',
  'medical_insurance' => 'medical_insurance',
  'name' => '护固莱士 - add',
  'os' => 'wechat',
  'overdose' => 'overdose',
  'package' => 'package',
  'performance_standards' => 'performance_standards',
  'period_validity' => 'period_validity',
  'pharmacokinetics' => 'pharmacokinetics',
  'preparation' => 'preparation',
  'price' => 'price',
  'product_advantage' => 'product_advantage',
  'py_name' => 'Waiyong Donggan Ren Xianwei Danbai Nianheji',
  'shape' => '冻干人纤维蛋白原：灰白色或淡黄色疏松体。',
  'specs' => '2毫升',
  'storage_conditions' => 'storage_conditions',
  'taboo' => 'taboo',
  'therapeutic_field' => 'therapeutic_field',
  'toxicology' => 'toxicology',
  'type' => '1',
  'u_yyid' => '9151DD465F1E11E7A1C868F728954D54',
  'usage' => '常规消毒瓶塞以及使用过程中所用',
  'user_token' => 'N2CntNKtPjTn3ykQV7ErMDewfSwQ4-CHBbA5GD8zbwM',
  'v' => '1',
  'yyid' => '9151DD465F1E11E7A1C868F728954D54',
)
16:47:19 INFO	/data/webapp/PROD/MOBILE/2017_06_01/app-youyao-mobile/controller/drug/Edit.php	Drug_EditController	115	array (
  'd_yyid' => '',
  'u_yyid' => '9151DD465F1E11E7A1C868F728954D54',
  'name' => '护固莱士 - add',
  'c_name' => '外用冻干人纤维蛋白粘合剂',
  'e_name' => 'Fibrin Sealant（Human）',
  'py_name' => 'Waiyong Donggan Ren Xianwei Danbai Nianheji',
  'type' => '1',
  'approval_id' => '国药准字S20030070',
  'specs' => '2毫升',
  'dosage_form' => '冻干人纤维蛋白原：灰白色或淡黄色疏松体。',
  'indication' => '局部止血药。',
  'ingredients' => '主要组成成份：',
  'shape' => '冻干人纤维蛋白原：灰白色或淡黄色疏松体。',
  'usage' => '常规消毒瓶塞以及使用过程中所用',
  'adverse_reaction' => '临床试验未见不良反应。据文献报道',
  'taboo' => 'taboo',
  'attentions' => 'attentions',
  'attentions_pw' => 'attentions_pw',
  'attentions_ch' => 'attentions_ch',
  'attentions_oa' => 'attentions_oa',
  'overdose' => 'overdose',
  'chinical_trial' => 'chinical_trial',
  'toxicology' => 'toxicology',
  'pharmacokinetics' => 'pharmacokinetics',
  'storage_conditions' => 'storage_conditions',
  'package' => 'package',
  'period_validity' => 'period_validity',
  'performance_standards' => 'performance_standards',
  'price' => 'price',
  'preparation' => 'preparation',
  'adaptation_department' => 'adaptation_department',
  'therapeutic_field' => 'therapeutic_field',
  'product_advantage' => 'product_advantage',
  'channel' => 'channel',
  'business_type' => 'business_type',
  'medical_insurance' => 'medical_insurance',
  'competitive_products' => 'competitive_products',
  'manufacturer' => 'manufacturer',
  'imgs_num' => 0,
  'status' => 1,
  'created' => 1499503639,
)
16:47:19 INFO	/data/webapp/PROD/app-youyao-core/2017_06_01/classes/bll/user/UserInfo.php	Bll_User_UserInfo	84	9151DD465F1E11E7A1C868F728954D54 , N2CntNKtPjTn3ykQV7ErMDewfSwQ4-CHBbA5GD8zbwM
16:47:19 INFO	/data/webapp/PROD/MOBILE/2017_06_01/app-youyao-mobile/controller/drug/Edit.php	Drug_EditController	136	array (
  'd_yyid' => '0D684F5463BA11E78F7D68F728954D54',
  'u_yyid' => '9151DD465F1E11E7A1C868F728954D54',
  'name' => '护固莱士 - add',
  'c_name' => '外用冻干人纤维蛋白粘合剂',
  'e_name' => 'Fibrin Sealant（Human）',
  'py_name' => 'Waiyong Donggan Ren Xianwei Danbai Nianheji',
  'type' => '1',
  'approval_id' => '国药准字S20030070',
  'specs' => '2毫升',
  'dosage_form' => '冻干人纤维蛋白原：灰白色或淡黄色疏松体。',
  'indication' => '局部止血药。',
  'ingredients' => '主要组成成份：',
  'shape' => '冻干人纤维蛋白原：灰白色或淡黄色疏松体。',
  'usage' => '常规消毒瓶塞以及使用过程中所用',
  'adverse_reaction' => '临床试验未见不良反应。据文献报道',
  'taboo' => 'taboo',
  'attentions' => 'attentions',
  'attentions_pw' => 'attentions_pw',
  'attentions_ch' => 'attentions_ch',
  'attentions_oa' => 'attentions_oa',
  'overdose' => 'overdose',
  'chinical_trial' => 'chinical_trial',
  'toxicology' => 'toxicology',
  'pharmacokinetics' => 'pharmacokinetics',
  'storage_conditions' => 'storage_conditions',
  'package' => 'package',
  'period_validity' => 'period_validity',
  'performance_standards' => 'performance_standards',
  'price' => 'price',
  'preparation' => 'preparation',
  'adaptation_department' => 'adaptation_department',
  'therapeutic_field' => 'therapeutic_field',
  'product_advantage' => 'product_advantage',
  'channel' => 'channel',
  'business_type' => 'business_type',
  'medical_insurance' => 'medical_insurance',
  'competitive_products' => 'competitive_products',
  'manufacturer' => 'manufacturer',
  'imgs_num' => 0,
  'status' => 1,
  'created' => 1499503639,
)
