00:00:44 INFO	/data/webapp/PROD/MOBILE/2017_06_01/app-youyao-mobile/controller/user/ProfileVerify.php	User_ProfileVerifyController	17	array (
  'action' => 'send_smscode',
  'os' => 'wechat',
  'phonenum' => '18616851610',
  'v' => '1',
)
00:00:44 INFO	/data/webapp/PROD/MOBILE/2017_06_01/app-youyao-mobile/controller/user/Register.php	User_RegisterController	127	array (
  'action' => 'send_smscode',
  'os' => 'wechat',
  'phonenum' => '18616851610',
  'v' => '1',
)
00:00:59 INFO	/data/webapp/PROD/MOBILE/2017_06_01/app-youyao-mobile/controller/user/ProfileVerify.php	User_ProfileVerifyController	17	array (
  'action' => 'send_smscode',
  'os' => 'wechat',
  'phonenum' => '18616851610',
  'v' => '1',
)
00:00:59 INFO	/data/webapp/PROD/MOBILE/2017_06_01/app-youyao-mobile/controller/user/Register.php	User_RegisterController	127	array (
  'action' => 'send_smscode',
  'os' => 'wechat',
  'phonenum' => '18616851610',
  'v' => '1',
)
00:01:46 INFO	/data/webapp/PROD/MOBILE/2017_06_01/app-youyao-mobile/controller/user/ProfileVerify.php	User_ProfileVerifyController	17	array (
  'action' => 'send_smscode',
  'captcha' => '',
  'os' => 'wechat',
  'phonenum' => '18616851610',
  'v' => '1',
)
00:01:46 INFO	/data/webapp/PROD/MOBILE/2017_06_01/app-youyao-mobile/controller/user/Register.php	User_RegisterController	127	array (
  'action' => 'send_smscode',
  'captcha' => '',
  'os' => 'wechat',
  'phonenum' => '18616851610',
  'v' => '1',
)
00:02:18 INFO	/data/webapp/PROD/MOBILE/2017_06_01/app-youyao-mobile/controller/user/ProfileVerify.php	User_ProfileVerifyController	17	array (
  'action' => 'send_smscode',
  'captcha' => 'kas2n',
  'os' => 'wechat',
  'phonenum' => '18616851610',
  'v' => '1',
)
00:02:18 INFO	/data/webapp/PROD/MOBILE/2017_06_01/app-youyao-mobile/controller/user/Register.php	User_RegisterController	127	array (
  'action' => 'send_smscode',
  'captcha' => 'kas2n',
  'os' => 'wechat',
  'phonenum' => '18616851610',
  'v' => '1',
)
00:06:18 INFO	/data/webapp/PROD/MOBILE/2017_06_01/app-youyao-mobile/controller/user/ProfileVerify.php	User_ProfileVerifyController	17	array (
  'action' => 'send_smscode',
  'captcha' => 'kas2n',
  'os' => 'wechat',
  'phonenum' => '18616851610',
  'v' => '1',
)
00:06:18 INFO	/data/webapp/PROD/MOBILE/2017_06_01/app-youyao-mobile/controller/user/Register.php	User_RegisterController	127	array (
  'action' => 'send_smscode',
  'captcha' => 'kas2n',
  'os' => 'wechat',
  'phonenum' => '18616851610',
  'v' => '1',
)
00:06:31 INFO	/data/webapp/PROD/MOBILE/2017_06_01/app-youyao-mobile/controller/user/ProfileVerify.php	User_ProfileVerifyController	17	array (
  'action' => 'send_smscode',
  'captcha' => 'kas2n',
  'os' => 'wechat',
  'phonenum' => '18616851610',
  'v' => '1',
)
00:06:31 INFO	/data/webapp/PROD/MOBILE/2017_06_01/app-youyao-mobile/controller/user/Register.php	User_RegisterController	127	array (
  'action' => 'send_smscode',
  'captcha' => 'kas2n',
  'os' => 'wechat',
  'phonenum' => '18616851610',
  'v' => '1',
)
00:10:21 INFO	/data/webapp/PROD/MOBILE/2017_06_01/app-youyao-mobile/controller/user/Captcha.php	User_CaptchaController	30	v_str: x
00:10:21 INFO	/data/webapp/PROD/MOBILE/2017_06_01/app-youyao-mobile/controller/user/Captcha.php	User_CaptchaController	30	v_str: J
00:10:21 INFO	/data/webapp/PROD/MOBILE/2017_06_01/app-youyao-mobile/controller/user/Captcha.php	User_CaptchaController	30	v_str: r
00:10:21 INFO	/data/webapp/PROD/MOBILE/2017_06_01/app-youyao-mobile/controller/user/Captcha.php	User_CaptchaController	30	v_str: k
00:10:21 INFO	/data/webapp/PROD/MOBILE/2017_06_01/app-youyao-mobile/controller/user/Captcha.php	User_CaptchaController	30	v_str: t
00:10:43 INFO	/data/webapp/PROD/MOBILE/2017_06_01/app-youyao-mobile/controller/user/Captcha.php	User_CaptchaController	30	v_str: K
00:10:43 INFO	/data/webapp/PROD/MOBILE/2017_06_01/app-youyao-mobile/controller/user/Captcha.php	User_CaptchaController	30	v_str: C
00:10:43 INFO	/data/webapp/PROD/MOBILE/2017_06_01/app-youyao-mobile/controller/user/Captcha.php	User_CaptchaController	30	v_str: T
00:10:43 INFO	/data/webapp/PROD/MOBILE/2017_06_01/app-youyao-mobile/controller/user/Captcha.php	User_CaptchaController	30	v_str: s
00:10:43 INFO	/data/webapp/PROD/MOBILE/2017_06_01/app-youyao-mobile/controller/user/Captcha.php	User_CaptchaController	30	v_str: P
00:11:33 INFO	/data/webapp/PROD/MOBILE/2017_06_01/app-youyao-mobile/controller/user/Captcha.php	User_CaptchaController	30	v_str: Z
00:11:33 INFO	/data/webapp/PROD/MOBILE/2017_06_01/app-youyao-mobile/controller/user/Captcha.php	User_CaptchaController	30	v_str: K
00:11:33 INFO	/data/webapp/PROD/MOBILE/2017_06_01/app-youyao-mobile/controller/user/Captcha.php	User_CaptchaController	30	v_str: h
00:11:33 INFO	/data/webapp/PROD/MOBILE/2017_06_01/app-youyao-mobile/controller/user/Captcha.php	User_CaptchaController	30	v_str: g
00:11:33 INFO	/data/webapp/PROD/MOBILE/2017_06_01/app-youyao-mobile/controller/user/Captcha.php	User_CaptchaController	30	v_str: 8
00:12:30 INFO	/data/webapp/PROD/MOBILE/2017_06_01/app-youyao-mobile/controller/user/Captcha.php	User_CaptchaController	34	v_str: YZapG
00:12:40 INFO	/data/webapp/PROD/MOBILE/2017_06_01/app-youyao-mobile/controller/user/Captcha.php	User_CaptchaController	34	v_str: FBxCn
00:13:04 INFO	/data/webapp/PROD/MOBILE/2017_06_01/app-youyao-mobile/controller/user/Captcha.php	User_CaptchaController	34	v_str: riHms
00:13:23 INFO	/data/webapp/PROD/MOBILE/2017_06_01/app-youyao-mobile/controller/user/ProfileVerify.php	User_ProfileVerifyController	17	array (
  'action' => 'send_smscode',
  'captcha' => 'riHms',
  'os' => 'wechat',
  'phonenum' => '18616851610',
  'v' => '1',
)
00:13:23 INFO	/data/webapp/PROD/MOBILE/2017_06_01/app-youyao-mobile/controller/user/Register.php	User_RegisterController	127	array (
  'action' => 'send_smscode',
  'captcha' => 'riHms',
  'os' => 'wechat',
  'phonenum' => '18616851610',
  'v' => '1',
)
00:16:31 INFO	/data/webapp/PROD/MOBILE/2017_06_01/app-youyao-mobile/controller/user/ProfileVerify.php	User_ProfileVerifyController	17	array (
  'action' => 'send_smscode',
  'captcha' => 'riHms',
  'os' => 'wechat',
  'phonenum' => '18616851610',
  'v' => '1',
)
00:16:31 INFO	/data/webapp/PROD/MOBILE/2017_06_01/app-youyao-mobile/controller/user/Register.php	User_RegisterController	127	array (
  'action' => 'send_smscode',
  'captcha' => 'riHms',
  'os' => 'wechat',
  'phonenum' => '18616851610',
  'v' => '1',
)
00:16:31 INFO	/data/webapp/PROD/MOBILE/2017_06_01/app-youyao-mobile/controller/user/Register.php	User_RegisterController	152	392c9c73e889fee3dc7042e72728c1b6:
00:19:48 INFO	/data/webapp/PROD/MOBILE/2017_06_01/app-youyao-mobile/controller/user/Captcha.php	User_CaptchaController	32	str: 8c9vm
00:21:00 INFO	/data/webapp/PROD/MOBILE/2017_06_01/app-youyao-mobile/controller/user/Captcha.php	User_CaptchaController	32	str: jhvsq
00:21:23 INFO	/data/webapp/PROD/MOBILE/2017_06_01/app-youyao-mobile/controller/user/ProfileVerify.php	User_ProfileVerifyController	17	array (
  'action' => 'send_smscode',
  'captcha' => 'jhvsq',
  'os' => 'wechat',
  'phonenum' => '18616851610',
  'v' => '1',
)
00:21:23 INFO	/data/webapp/PROD/MOBILE/2017_06_01/app-youyao-mobile/controller/user/Register.php	User_RegisterController	127	array (
  'action' => 'send_smscode',
  'captcha' => 'jhvsq',
  'os' => 'wechat',
  'phonenum' => '18616851610',
  'v' => '1',
)
00:21:23 INFO	/data/webapp/PROD/MOBILE/2017_06_01/app-youyao-mobile/controller/user/Register.php	User_RegisterController	152	392c9c73e889fee3dc7042e72728c1b6:
00:22:30 INFO	/data/webapp/PROD/MOBILE/2017_06_01/app-youyao-mobile/controller/user/ProfileVerify.php	User_ProfileVerifyController	17	array (
  'action' => 'send_smscode',
  'captcha' => 'jhvsq',
  'os' => 'wechat',
  'phonenum' => '18616851610',
  'v' => '1',
)
00:22:30 INFO	/data/webapp/PROD/MOBILE/2017_06_01/app-youyao-mobile/controller/user/Register.php	User_RegisterController	127	array (
  'action' => 'send_smscode',
  'captcha' => 'jhvsq',
  'os' => 'wechat',
  'phonenum' => '18616851610',
  'v' => '1',
)
00:22:30 INFO	/data/webapp/PROD/MOBILE/2017_06_01/app-youyao-mobile/controller/user/Register.php	User_RegisterController	152	392c9c73e889fee3dc7042e72728c1b6:
00:22:30 INFO	/data/webapp/PROD/MOBILE/2017_06_01/app-youyao-mobile/controller/user/Register.php	User_RegisterController	153	array (
)
00:27:02 INFO	/data/webapp/PROD/MOBILE/2017_06_01/app-youyao-mobile/controller/user/ProfileVerify.php	User_ProfileVerifyController	17	array (
  'action' => 'send_smscode',
  'captcha' => 'jhvsq',
  'os' => 'wechat',
  'phonenum' => '18616851610',
  'v' => '1',
)
00:28:06 INFO	/data/webapp/PROD/MOBILE/2017_06_01/app-youyao-mobile/controller/user/Captcha.php	User_CaptchaController	32	str: vzqfi
